## Module report - date 13/8/2009-18:23:30
## Created by PcbNew version PCBNEW (2007-07-09)
## Unit = inches, Angle = deg.
##

$BeginDESCRIPTION

$BOARD
unit INCH
upper_left_corner  1.217400  1.867400
lower_right_corner  9.907599  5.732600
$EndBOARD

$MODULE "E6"
reference "E6"
value "Z573M"
footprint "Z573M-R"
attribut none
position  6.800000  5.050000
orientation  180.00
layer component
$PAD "13"
position -0.200000  0.400000
size  0.070000  0.070000
drill  0.045000
shape_offset  0.000000  0.000000
orientation  0.00
Shape  Circ
Layer  all
$EndPAD
$PAD "1"
position  0.200000  0.400000
size  0.070000  0.070000
drill  0.045000
shape_offset  0.000000  0.000000
orientation  0.00
Shape  Circ
Layer  all
$EndPAD
$PAD "2"
position  0.350000  0.250000
size  0.070000  0.070000
drill  0.045000
shape_offset  0.000000  0.000000
orientation  0.00
Shape  Circ
Layer  all
$EndPAD
$PAD "3"
position  0.350000  0.100000
size  0.070000  0.070000
drill  0.045000
shape_offset  0.000000  0.000000
orientation  0.00
Shape  Circ
Layer  all
$EndPAD
$PAD "4"
position  0.350000 -0.050000
size  0.070000  0.070000
drill  0.045000
shape_offset  0.000000  0.000000
orientation  0.00
Shape  Circ
Layer  all
$EndPAD
$PAD "5"
position  0.350000 -0.200000
size  0.070000  0.070000
drill  0.045000
shape_offset  0.000000  0.000000
orientation  0.00
Shape  Circ
Layer  all
$EndPAD
$PAD "6"
position  0.200000 -0.350000
size  0.070000  0.070000
drill  0.045000
shape_offset  0.000000  0.000000
orientation  0.00
Shape  Circ
Layer  all
$EndPAD
$PAD "7"
position  0.000000 -0.450000
size  0.070000  0.070000
drill  0.045000
shape_offset  0.000000  0.000000
orientation  0.00
Shape  Circ
Layer  all
$EndPAD
$PAD "8"
position -0.200000 -0.350000
size  0.070000  0.070000
drill  0.045000
shape_offset  0.000000  0.000000
orientation  0.00
Shape  Circ
Layer  all
$EndPAD
$PAD "9"
position -0.350000 -0.200000
size  0.070000  0.070000
drill  0.045000
shape_offset  0.000000  0.000000
orientation  0.00
Shape  Circ
Layer  all
$EndPAD
$PAD "10"
position -0.350000 -0.050000
size  0.070000  0.070000
drill  0.045000
shape_offset  0.000000  0.000000
orientation  0.00
Shape  Circ
Layer  all
$EndPAD
$PAD "11"
position -0.350000  0.100000
size  0.070000  0.070000
drill  0.045000
shape_offset  0.000000  0.000000
orientation  0.00
Shape  Circ
Layer  all
$EndPAD
$PAD "12"
position -0.350000  0.250000
size  0.070000  0.070000
drill  0.045000
shape_offset  0.000000  0.000000
orientation  0.00
Shape  Circ
Layer  all
$EndPAD
$EndMODULE  E

$MODULE "E5"
reference "E5"
value "Z573M"
footprint "Z573M-R"
attribut none
position  5.800000  5.050000
orientation  180.00
layer component
$PAD "13"
position -0.200000  0.400000
size  0.070000  0.070000
drill  0.045000
shape_offset  0.000000  0.000000
orientation  0.00
Shape  Circ
Layer  all
$EndPAD
$PAD "1"
position  0.200000  0.400000
size  0.070000  0.070000
drill  0.045000
shape_offset  0.000000  0.000000
orientation  0.00
Shape  Circ
Layer  all
$EndPAD
$PAD "2"
position  0.350000  0.250000
size  0.070000  0.070000
drill  0.045000
shape_offset  0.000000  0.000000
orientation  0.00
Shape  Circ
Layer  all
$EndPAD
$PAD "3"
position  0.350000  0.100000
size  0.070000  0.070000
drill  0.045000
shape_offset  0.000000  0.000000
orientation  0.00
Shape  Circ
Layer  all
$EndPAD
$PAD "4"
position  0.350000 -0.050000
size  0.070000  0.070000
drill  0.045000
shape_offset  0.000000  0.000000
orientation  0.00
Shape  Circ
Layer  all
$EndPAD
$PAD "5"
position  0.350000 -0.200000
size  0.070000  0.070000
drill  0.045000
shape_offset  0.000000  0.000000
orientation  0.00
Shape  Circ
Layer  all
$EndPAD
$PAD "6"
position  0.200000 -0.350000
size  0.070000  0.070000
drill  0.045000
shape_offset  0.000000  0.000000
orientation  0.00
Shape  Circ
Layer  all
$EndPAD
$PAD "7"
position  0.000000 -0.450000
size  0.070000  0.070000
drill  0.045000
shape_offset  0.000000  0.000000
orientation  0.00
Shape  Circ
Layer  all
$EndPAD
$PAD "8"
position -0.200000 -0.350000
size  0.070000  0.070000
drill  0.045000
shape_offset  0.000000  0.000000
orientation  0.00
Shape  Circ
Layer  all
$EndPAD
$PAD "9"
position -0.350000 -0.200000
size  0.070000  0.070000
drill  0.045000
shape_offset  0.000000  0.000000
orientation  0.00
Shape  Circ
Layer  all
$EndPAD
$PAD "10"
position -0.350000 -0.050000
size  0.070000  0.070000
drill  0.045000
shape_offset  0.000000  0.000000
orientation  0.00
Shape  Circ
Layer  all
$EndPAD
$PAD "11"
position -0.350000  0.100000
size  0.070000  0.070000
drill  0.045000
shape_offset  0.000000  0.000000
orientation  0.00
Shape  Circ
Layer  all
$EndPAD
$PAD "12"
position -0.350000  0.250000
size  0.070000  0.070000
drill  0.045000
shape_offset  0.000000  0.000000
orientation  0.00
Shape  Circ
Layer  all
$EndPAD
$EndMODULE  E

$MODULE "E4"
reference "E4"
value "Z573M"
footprint "Z573M-R"
attribut none
position  4.800000  5.050000
orientation  180.00
layer component
$PAD "13"
position -0.200000  0.400000
size  0.070000  0.070000
drill  0.045000
shape_offset  0.000000  0.000000
orientation  0.00
Shape  Circ
Layer  all
$EndPAD
$PAD "1"
position  0.200000  0.400000
size  0.070000  0.070000
drill  0.045000
shape_offset  0.000000  0.000000
orientation  0.00
Shape  Circ
Layer  all
$EndPAD
$PAD "2"
position  0.350000  0.250000
size  0.070000  0.070000
drill  0.045000
shape_offset  0.000000  0.000000
orientation  0.00
Shape  Circ
Layer  all
$EndPAD
$PAD "3"
position  0.350000  0.100000
size  0.070000  0.070000
drill  0.045000
shape_offset  0.000000  0.000000
orientation  0.00
Shape  Circ
Layer  all
$EndPAD
$PAD "4"
position  0.350000 -0.050000
size  0.070000  0.070000
drill  0.045000
shape_offset  0.000000  0.000000
orientation  0.00
Shape  Circ
Layer  all
$EndPAD
$PAD "5"
position  0.350000 -0.200000
size  0.070000  0.070000
drill  0.045000
shape_offset  0.000000  0.000000
orientation  0.00
Shape  Circ
Layer  all
$EndPAD
$PAD "6"
position  0.200000 -0.350000
size  0.070000  0.070000
drill  0.045000
shape_offset  0.000000  0.000000
orientation  0.00
Shape  Circ
Layer  all
$EndPAD
$PAD "7"
position  0.000000 -0.450000
size  0.070000  0.070000
drill  0.045000
shape_offset  0.000000  0.000000
orientation  0.00
Shape  Circ
Layer  all
$EndPAD
$PAD "8"
position -0.200000 -0.350000
size  0.070000  0.070000
drill  0.045000
shape_offset  0.000000  0.000000
orientation  0.00
Shape  Circ
Layer  all
$EndPAD
$PAD "9"
position -0.350000 -0.200000
size  0.070000  0.070000
drill  0.045000
shape_offset  0.000000  0.000000
orientation  0.00
Shape  Circ
Layer  all
$EndPAD
$PAD "10"
position -0.350000 -0.050000
size  0.070000  0.070000
drill  0.045000
shape_offset  0.000000  0.000000
orientation  0.00
Shape  Circ
Layer  all
$EndPAD
$PAD "11"
position -0.350000  0.100000
size  0.070000  0.070000
drill  0.045000
shape_offset  0.000000  0.000000
orientation  0.00
Shape  Circ
Layer  all
$EndPAD
$PAD "12"
position -0.350000  0.250000
size  0.070000  0.070000
drill  0.045000
shape_offset  0.000000  0.000000
orientation  0.00
Shape  Circ
Layer  all
$EndPAD
$EndMODULE  E

$MODULE "E3"
reference "E3"
value "Z573M"
footprint "Z573M-R"
attribut none
position  3.800000  5.050000
orientation  180.00
layer component
$PAD "13"
position -0.200000  0.400000
size  0.070000  0.070000
drill  0.045000
shape_offset  0.000000  0.000000
orientation  0.00
Shape  Circ
Layer  all
$EndPAD
$PAD "1"
position  0.200000  0.400000
size  0.070000  0.070000
drill  0.045000
shape_offset  0.000000  0.000000
orientation  0.00
Shape  Circ
Layer  all
$EndPAD
$PAD "2"
position  0.350000  0.250000
size  0.070000  0.070000
drill  0.045000
shape_offset  0.000000  0.000000
orientation  0.00
Shape  Circ
Layer  all
$EndPAD
$PAD "3"
position  0.350000  0.100000
size  0.070000  0.070000
drill  0.045000
shape_offset  0.000000  0.000000
orientation  0.00
Shape  Circ
Layer  all
$EndPAD
$PAD "4"
position  0.350000 -0.050000
size  0.070000  0.070000
drill  0.045000
shape_offset  0.000000  0.000000
orientation  0.00
Shape  Circ
Layer  all
$EndPAD
$PAD "5"
position  0.350000 -0.200000
size  0.070000  0.070000
drill  0.045000
shape_offset  0.000000  0.000000
orientation  0.00
Shape  Circ
Layer  all
$EndPAD
$PAD "6"
position  0.200000 -0.350000
size  0.070000  0.070000
drill  0.045000
shape_offset  0.000000  0.000000
orientation  0.00
Shape  Circ
Layer  all
$EndPAD
$PAD "7"
position  0.000000 -0.450000
size  0.070000  0.070000
drill  0.045000
shape_offset  0.000000  0.000000
orientation  0.00
Shape  Circ
Layer  all
$EndPAD
$PAD "8"
position -0.200000 -0.350000
size  0.070000  0.070000
drill  0.045000
shape_offset  0.000000  0.000000
orientation  0.00
Shape  Circ
Layer  all
$EndPAD
$PAD "9"
position -0.350000 -0.200000
size  0.070000  0.070000
drill  0.045000
shape_offset  0.000000  0.000000
orientation  0.00
Shape  Circ
Layer  all
$EndPAD
$PAD "10"
position -0.350000 -0.050000
size  0.070000  0.070000
drill  0.045000
shape_offset  0.000000  0.000000
orientation  0.00
Shape  Circ
Layer  all
$EndPAD
$PAD "11"
position -0.350000  0.100000
size  0.070000  0.070000
drill  0.045000
shape_offset  0.000000  0.000000
orientation  0.00
Shape  Circ
Layer  all
$EndPAD
$PAD "12"
position -0.350000  0.250000
size  0.070000  0.070000
drill  0.045000
shape_offset  0.000000  0.000000
orientation  0.00
Shape  Circ
Layer  all
$EndPAD
$EndMODULE  E

$MODULE "E2"
reference "E2"
value "Z573M"
footprint "Z573M-R"
attribut none
position  2.800000  5.050000
orientation  180.00
layer component
$PAD "13"
position -0.200000  0.400000
size  0.070000  0.070000
drill  0.045000
shape_offset  0.000000  0.000000
orientation  0.00
Shape  Circ
Layer  all
$EndPAD
$PAD "1"
position  0.200000  0.400000
size  0.070000  0.070000
drill  0.045000
shape_offset  0.000000  0.000000
orientation  0.00
Shape  Circ
Layer  all
$EndPAD
$PAD "2"
position  0.350000  0.250000
size  0.070000  0.070000
drill  0.045000
shape_offset  0.000000  0.000000
orientation  0.00
Shape  Circ
Layer  all
$EndPAD
$PAD "3"
position  0.350000  0.100000
size  0.070000  0.070000
drill  0.045000
shape_offset  0.000000  0.000000
orientation  0.00
Shape  Circ
Layer  all
$EndPAD
$PAD "4"
position  0.350000 -0.050000
size  0.070000  0.070000
drill  0.045000
shape_offset  0.000000  0.000000
orientation  0.00
Shape  Circ
Layer  all
$EndPAD
$PAD "5"
position  0.350000 -0.200000
size  0.070000  0.070000
drill  0.045000
shape_offset  0.000000  0.000000
orientation  0.00
Shape  Circ
Layer  all
$EndPAD
$PAD "6"
position  0.200000 -0.350000
size  0.070000  0.070000
drill  0.045000
shape_offset  0.000000  0.000000
orientation  0.00
Shape  Circ
Layer  all
$EndPAD
$PAD "7"
position  0.000000 -0.450000
size  0.070000  0.070000
drill  0.045000
shape_offset  0.000000  0.000000
orientation  0.00
Shape  Circ
Layer  all
$EndPAD
$PAD "8"
position -0.200000 -0.350000
size  0.070000  0.070000
drill  0.045000
shape_offset  0.000000  0.000000
orientation  0.00
Shape  Circ
Layer  all
$EndPAD
$PAD "9"
position -0.350000 -0.200000
size  0.070000  0.070000
drill  0.045000
shape_offset  0.000000  0.000000
orientation  0.00
Shape  Circ
Layer  all
$EndPAD
$PAD "10"
position -0.350000 -0.050000
size  0.070000  0.070000
drill  0.045000
shape_offset  0.000000  0.000000
orientation  0.00
Shape  Circ
Layer  all
$EndPAD
$PAD "11"
position -0.350000  0.100000
size  0.070000  0.070000
drill  0.045000
shape_offset  0.000000  0.000000
orientation  0.00
Shape  Circ
Layer  all
$EndPAD
$PAD "12"
position -0.350000  0.250000
size  0.070000  0.070000
drill  0.045000
shape_offset  0.000000  0.000000
orientation  0.00
Shape  Circ
Layer  all
$EndPAD
$EndMODULE  E

$MODULE "E1"
reference "E1"
value "Z573M"
footprint "Z573M-R"
attribut none
position  1.800000  5.050000
orientation  180.00
layer component
$PAD "13"
position -0.200000  0.400000
size  0.070000  0.070000
drill  0.045000
shape_offset  0.000000  0.000000
orientation  0.00
Shape  Circ
Layer  all
$EndPAD
$PAD "1"
position  0.200000  0.400000
size  0.070000  0.070000
drill  0.045000
shape_offset  0.000000  0.000000
orientation  0.00
Shape  Circ
Layer  all
$EndPAD
$PAD "2"
position  0.350000  0.250000
size  0.070000  0.070000
drill  0.045000
shape_offset  0.000000  0.000000
orientation  0.00
Shape  Circ
Layer  all
$EndPAD
$PAD "3"
position  0.350000  0.100000
size  0.070000  0.070000
drill  0.045000
shape_offset  0.000000  0.000000
orientation  0.00
Shape  Circ
Layer  all
$EndPAD
$PAD "4"
position  0.350000 -0.050000
size  0.070000  0.070000
drill  0.045000
shape_offset  0.000000  0.000000
orientation  0.00
Shape  Circ
Layer  all
$EndPAD
$PAD "5"
position  0.350000 -0.200000
size  0.070000  0.070000
drill  0.045000
shape_offset  0.000000  0.000000
orientation  0.00
Shape  Circ
Layer  all
$EndPAD
$PAD "6"
position  0.200000 -0.350000
size  0.070000  0.070000
drill  0.045000
shape_offset  0.000000  0.000000
orientation  0.00
Shape  Circ
Layer  all
$EndPAD
$PAD "7"
position  0.000000 -0.450000
size  0.070000  0.070000
drill  0.045000
shape_offset  0.000000  0.000000
orientation  0.00
Shape  Circ
Layer  all
$EndPAD
$PAD "8"
position -0.200000 -0.350000
size  0.070000  0.070000
drill  0.045000
shape_offset  0.000000  0.000000
orientation  0.00
Shape  Circ
Layer  all
$EndPAD
$PAD "9"
position -0.350000 -0.200000
size  0.070000  0.070000
drill  0.045000
shape_offset  0.000000  0.000000
orientation  0.00
Shape  Circ
Layer  all
$EndPAD
$PAD "10"
position -0.350000 -0.050000
size  0.070000  0.070000
drill  0.045000
shape_offset  0.000000  0.000000
orientation  0.00
Shape  Circ
Layer  all
$EndPAD
$PAD "11"
position -0.350000  0.100000
size  0.070000  0.070000
drill  0.045000
shape_offset  0.000000  0.000000
orientation  0.00
Shape  Circ
Layer  all
$EndPAD
$PAD "12"
position -0.350000  0.250000
size  0.070000  0.070000
drill  0.045000
shape_offset  0.000000  0.000000
orientation  0.00
Shape  Circ
Layer  all
$EndPAD
$EndMODULE  E

$MODULE "U1"
reference "U1"
value "74HC595"
footprint "16DIP-ELL300"
attribut none
position  3.225000  2.775000
orientation  0.00
layer component
$SHAPE3D
Na "dil/dil_16.wrl"
Sc 1.000000 1.000000 1.000000
Of 0.000000 0.000000 0.000000
Ro 0.000000 0.000000 0.000000
$EndSHAPE3D
$PAD "1"
position -0.350000  0.150000
size  0.062000  0.090000
drill  0.032000
shape_offset  0.000000  0.000000
orientation  0.00
Shape  Rect
Layer  all
$EndPAD
$PAD "2"
position -0.250000  0.150000
size  0.062000  0.090000
drill  0.032000
shape_offset  0.000000  0.000000
orientation  0.00
Shape  Oval
Layer  all
$EndPAD
$PAD "3"
position -0.150000  0.150000
size  0.062000  0.090000
drill  0.032000
shape_offset  0.000000  0.000000
orientation  0.00
Shape  Oval
Layer  all
$EndPAD
$PAD "4"
position -0.050000  0.150000
size  0.062000  0.090000
drill  0.032000
shape_offset  0.000000  0.000000
orientation  0.00
Shape  Oval
Layer  all
$EndPAD
$PAD "5"
position  0.050000  0.150000
size  0.062000  0.090000
drill  0.032000
shape_offset  0.000000  0.000000
orientation  0.00
Shape  Oval
Layer  all
$EndPAD
$PAD "6"
position  0.150000  0.150000
size  0.062000  0.090000
drill  0.032000
shape_offset  0.000000  0.000000
orientation  0.00
Shape  Oval
Layer  all
$EndPAD
$PAD "7"
position  0.250000  0.150000
size  0.062000  0.090000
drill  0.032000
shape_offset  0.000000  0.000000
orientation  0.00
Shape  Oval
Layer  all
$EndPAD
$PAD "8"
position  0.350000  0.150000
size  0.062000  0.090000
drill  0.032000
shape_offset  0.000000  0.000000
orientation  0.00
Shape  Oval
Layer  all
$EndPAD
$PAD "9"
position  0.350000 -0.150000
size  0.062000  0.090000
drill  0.032000
shape_offset  0.000000  0.000000
orientation  0.00
Shape  Oval
Layer  all
$EndPAD
$PAD "10"
position  0.250000 -0.150000
size  0.062000  0.090000
drill  0.032000
shape_offset  0.000000  0.000000
orientation  0.00
Shape  Oval
Layer  all
$EndPAD
$PAD "11"
position  0.150000 -0.150000
size  0.062000  0.090000
drill  0.032000
shape_offset  0.000000  0.000000
orientation  0.00
Shape  Oval
Layer  all
$EndPAD
$PAD "12"
position  0.050000 -0.150000
size  0.062000  0.090000
drill  0.032000
shape_offset  0.000000  0.000000
orientation  0.00
Shape  Oval
Layer  all
$EndPAD
$PAD "13"
position -0.050000 -0.150000
size  0.062000  0.090000
drill  0.032000
shape_offset  0.000000  0.000000
orientation  0.00
Shape  Oval
Layer  all
$EndPAD
$PAD "14"
position -0.150000 -0.150000
size  0.062000  0.090000
drill  0.032000
shape_offset  0.000000  0.000000
orientation  0.00
Shape  Oval
Layer  all
$EndPAD
$PAD "15"
position -0.250000 -0.150000
size  0.062000  0.090000
drill  0.032000
shape_offset  0.000000  0.000000
orientation  0.00
Shape  Oval
Layer  all
$EndPAD
$PAD "16"
position -0.350000 -0.150000
size  0.062000  0.090000
drill  0.032000
shape_offset  0.000000  0.000000
orientation  0.00
Shape  Oval
Layer  all
$EndPAD
$EndMODULE  U

$MODULE "U2"
reference "U2"
value "74HC595"
footprint "16DIP-ELL300"
attribut none
position  4.950000  2.775000
orientation  0.00
layer component
$SHAPE3D
Na "dil/dil_16.wrl"
Sc 1.000000 1.000000 1.000000
Of 0.000000 0.000000 0.000000
Ro 0.000000 0.000000 0.000000
$EndSHAPE3D
$PAD "1"
position -0.350000  0.150000
size  0.062000  0.090000
drill  0.032000
shape_offset  0.000000  0.000000
orientation  0.00
Shape  Rect
Layer  all
$EndPAD
$PAD "2"
position -0.250000  0.150000
size  0.062000  0.090000
drill  0.032000
shape_offset  0.000000  0.000000
orientation  0.00
Shape  Oval
Layer  all
$EndPAD
$PAD "3"
position -0.150000  0.150000
size  0.062000  0.090000
drill  0.032000
shape_offset  0.000000  0.000000
orientation  0.00
Shape  Oval
Layer  all
$EndPAD
$PAD "4"
position -0.050000  0.150000
size  0.062000  0.090000
drill  0.032000
shape_offset  0.000000  0.000000
orientation  0.00
Shape  Oval
Layer  all
$EndPAD
$PAD "5"
position  0.050000  0.150000
size  0.062000  0.090000
drill  0.032000
shape_offset  0.000000  0.000000
orientation  0.00
Shape  Oval
Layer  all
$EndPAD
$PAD "6"
position  0.150000  0.150000
size  0.062000  0.090000
drill  0.032000
shape_offset  0.000000  0.000000
orientation  0.00
Shape  Oval
Layer  all
$EndPAD
$PAD "7"
position  0.250000  0.150000
size  0.062000  0.090000
drill  0.032000
shape_offset  0.000000  0.000000
orientation  0.00
Shape  Oval
Layer  all
$EndPAD
$PAD "8"
position  0.350000  0.150000
size  0.062000  0.090000
drill  0.032000
shape_offset  0.000000  0.000000
orientation  0.00
Shape  Oval
Layer  all
$EndPAD
$PAD "9"
position  0.350000 -0.150000
size  0.062000  0.090000
drill  0.032000
shape_offset  0.000000  0.000000
orientation  0.00
Shape  Oval
Layer  all
$EndPAD
$PAD "10"
position  0.250000 -0.150000
size  0.062000  0.090000
drill  0.032000
shape_offset  0.000000  0.000000
orientation  0.00
Shape  Oval
Layer  all
$EndPAD
$PAD "11"
position  0.150000 -0.150000
size  0.062000  0.090000
drill  0.032000
shape_offset  0.000000  0.000000
orientation  0.00
Shape  Oval
Layer  all
$EndPAD
$PAD "12"
position  0.050000 -0.150000
size  0.062000  0.090000
drill  0.032000
shape_offset  0.000000  0.000000
orientation  0.00
Shape  Oval
Layer  all
$EndPAD
$PAD "13"
position -0.050000 -0.150000
size  0.062000  0.090000
drill  0.032000
shape_offset  0.000000  0.000000
orientation  0.00
Shape  Oval
Layer  all
$EndPAD
$PAD "14"
position -0.150000 -0.150000
size  0.062000  0.090000
drill  0.032000
shape_offset  0.000000  0.000000
orientation  0.00
Shape  Oval
Layer  all
$EndPAD
$PAD "15"
position -0.250000 -0.150000
size  0.062000  0.090000
drill  0.032000
shape_offset  0.000000  0.000000
orientation  0.00
Shape  Oval
Layer  all
$EndPAD
$PAD "16"
position -0.350000 -0.150000
size  0.062000  0.090000
drill  0.032000
shape_offset  0.000000  0.000000
orientation  0.00
Shape  Oval
Layer  all
$EndPAD
$EndMODULE  U

$MODULE "U3"
reference "U3"
value "74HC595"
footprint "16DIP-ELL300"
attribut none
position  6.150000  2.300000
orientation  0.00
layer component
$SHAPE3D
Na "dil/dil_16.wrl"
Sc 1.000000 1.000000 1.000000
Of 0.000000 0.000000 0.000000
Ro 0.000000 0.000000 0.000000
$EndSHAPE3D
$PAD "1"
position -0.350000  0.150000
size  0.062000  0.090000
drill  0.032000
shape_offset  0.000000  0.000000
orientation  0.00
Shape  Rect
Layer  all
$EndPAD
$PAD "2"
position -0.250000  0.150000
size  0.062000  0.090000
drill  0.032000
shape_offset  0.000000  0.000000
orientation  0.00
Shape  Oval
Layer  all
$EndPAD
$PAD "3"
position -0.150000  0.150000
size  0.062000  0.090000
drill  0.032000
shape_offset  0.000000  0.000000
orientation  0.00
Shape  Oval
Layer  all
$EndPAD
$PAD "4"
position -0.050000  0.150000
size  0.062000  0.090000
drill  0.032000
shape_offset  0.000000  0.000000
orientation  0.00
Shape  Oval
Layer  all
$EndPAD
$PAD "5"
position  0.050000  0.150000
size  0.062000  0.090000
drill  0.032000
shape_offset  0.000000  0.000000
orientation  0.00
Shape  Oval
Layer  all
$EndPAD
$PAD "6"
position  0.150000  0.150000
size  0.062000  0.090000
drill  0.032000
shape_offset  0.000000  0.000000
orientation  0.00
Shape  Oval
Layer  all
$EndPAD
$PAD "7"
position  0.250000  0.150000
size  0.062000  0.090000
drill  0.032000
shape_offset  0.000000  0.000000
orientation  0.00
Shape  Oval
Layer  all
$EndPAD
$PAD "8"
position  0.350000  0.150000
size  0.062000  0.090000
drill  0.032000
shape_offset  0.000000  0.000000
orientation  0.00
Shape  Oval
Layer  all
$EndPAD
$PAD "9"
position  0.350000 -0.150000
size  0.062000  0.090000
drill  0.032000
shape_offset  0.000000  0.000000
orientation  0.00
Shape  Oval
Layer  all
$EndPAD
$PAD "10"
position  0.250000 -0.150000
size  0.062000  0.090000
drill  0.032000
shape_offset  0.000000  0.000000
orientation  0.00
Shape  Oval
Layer  all
$EndPAD
$PAD "11"
position  0.150000 -0.150000
size  0.062000  0.090000
drill  0.032000
shape_offset  0.000000  0.000000
orientation  0.00
Shape  Oval
Layer  all
$EndPAD
$PAD "12"
position  0.050000 -0.150000
size  0.062000  0.090000
drill  0.032000
shape_offset  0.000000  0.000000
orientation  0.00
Shape  Oval
Layer  all
$EndPAD
$PAD "13"
position -0.050000 -0.150000
size  0.062000  0.090000
drill  0.032000
shape_offset  0.000000  0.000000
orientation  0.00
Shape  Oval
Layer  all
$EndPAD
$PAD "14"
position -0.150000 -0.150000
size  0.062000  0.090000
drill  0.032000
shape_offset  0.000000  0.000000
orientation  0.00
Shape  Oval
Layer  all
$EndPAD
$PAD "15"
position -0.250000 -0.150000
size  0.062000  0.090000
drill  0.032000
shape_offset  0.000000  0.000000
orientation  0.00
Shape  Oval
Layer  all
$EndPAD
$PAD "16"
position -0.350000 -0.150000
size  0.062000  0.090000
drill  0.032000
shape_offset  0.000000  0.000000
orientation  0.00
Shape  Oval
Layer  all
$EndPAD
$EndMODULE  U

$MODULE "U4"
reference "U4"
value "SN75468"
footprint "16DIP-ELL300"
attribut none
position  6.050000  2.775000
orientation  180.00
layer component
$SHAPE3D
Na "dil/dil_16.wrl"
Sc 1.000000 1.000000 1.000000
Of 0.000000 0.000000 0.000000
Ro 0.000000 0.000000 0.000000
$EndSHAPE3D
$PAD "1"
position -0.350000  0.150000
size  0.062000  0.090000
drill  0.032000
shape_offset  0.000000  0.000000
orientation  0.00
Shape  Rect
Layer  all
$EndPAD
$PAD "2"
position -0.250000  0.150000
size  0.062000  0.090000
drill  0.032000
shape_offset  0.000000  0.000000
orientation  0.00
Shape  Oval
Layer  all
$EndPAD
$PAD "3"
position -0.150000  0.150000
size  0.062000  0.090000
drill  0.032000
shape_offset  0.000000  0.000000
orientation  0.00
Shape  Oval
Layer  all
$EndPAD
$PAD "4"
position -0.050000  0.150000
size  0.062000  0.090000
drill  0.032000
shape_offset  0.000000  0.000000
orientation  0.00
Shape  Oval
Layer  all
$EndPAD
$PAD "5"
position  0.050000  0.150000
size  0.062000  0.090000
drill  0.032000
shape_offset  0.000000  0.000000
orientation  0.00
Shape  Oval
Layer  all
$EndPAD
$PAD "6"
position  0.150000  0.150000
size  0.062000  0.090000
drill  0.032000
shape_offset  0.000000  0.000000
orientation  0.00
Shape  Oval
Layer  all
$EndPAD
$PAD "7"
position  0.250000  0.150000
size  0.062000  0.090000
drill  0.032000
shape_offset  0.000000  0.000000
orientation  0.00
Shape  Oval
Layer  all
$EndPAD
$PAD "8"
position  0.350000  0.150000
size  0.062000  0.090000
drill  0.032000
shape_offset  0.000000  0.000000
orientation  0.00
Shape  Oval
Layer  all
$EndPAD
$PAD "9"
position  0.350000 -0.150000
size  0.062000  0.090000
drill  0.032000
shape_offset  0.000000  0.000000
orientation  0.00
Shape  Oval
Layer  all
$EndPAD
$PAD "10"
position  0.250000 -0.150000
size  0.062000  0.090000
drill  0.032000
shape_offset  0.000000  0.000000
orientation  0.00
Shape  Oval
Layer  all
$EndPAD
$PAD "11"
position  0.150000 -0.150000
size  0.062000  0.090000
drill  0.032000
shape_offset  0.000000  0.000000
orientation  0.00
Shape  Oval
Layer  all
$EndPAD
$PAD "12"
position  0.050000 -0.150000
size  0.062000  0.090000
drill  0.032000
shape_offset  0.000000  0.000000
orientation  0.00
Shape  Oval
Layer  all
$EndPAD
$PAD "13"
position -0.050000 -0.150000
size  0.062000  0.090000
drill  0.032000
shape_offset  0.000000  0.000000
orientation  0.00
Shape  Oval
Layer  all
$EndPAD
$PAD "14"
position -0.150000 -0.150000
size  0.062000  0.090000
drill  0.032000
shape_offset  0.000000  0.000000
orientation  0.00
Shape  Oval
Layer  all
$EndPAD
$PAD "15"
position -0.250000 -0.150000
size  0.062000  0.090000
drill  0.032000
shape_offset  0.000000  0.000000
orientation  0.00
Shape  Oval
Layer  all
$EndPAD
$PAD "16"
position -0.350000 -0.150000
size  0.062000  0.090000
drill  0.032000
shape_offset  0.000000  0.000000
orientation  0.00
Shape  Oval
Layer  all
$EndPAD
$EndMODULE  U

$MODULE "C1"
reference "C1"
value "10n/250V"
footprint "C2"
attribut none
position  2.775000  3.625000
orientation  90.00
layer component
$SHAPE3D
Na "discret/capa_2pas_5x5mm.wrl"
Sc 1.000000 1.000000 1.000000
Of 0.000000 0.000000 0.000000
Ro 0.000000 0.000000 0.000000
$EndSHAPE3D
$PAD "1"
position -0.100000  0.000000
size  0.055000  0.055000
drill  0.032000
shape_offset  0.000000  0.000000
orientation  0.00
Shape  Circ
Layer  all
$EndPAD
$PAD "2"
position  0.100000  0.000000
size  0.055000  0.055000
drill  0.032000
shape_offset  0.000000  0.000000
orientation  0.00
Shape  Circ
Layer  all
$EndPAD
$EndMODULE  C

$MODULE "C2"
reference "C2"
value "10n/250V"
footprint "C2"
attribut none
position  3.775000  3.625000
orientation  90.00
layer component
$SHAPE3D
Na "discret/capa_2pas_5x5mm.wrl"
Sc 1.000000 1.000000 1.000000
Of 0.000000 0.000000 0.000000
Ro 0.000000 0.000000 0.000000
$EndSHAPE3D
$PAD "1"
position -0.100000  0.000000
size  0.055000  0.055000
drill  0.032000
shape_offset  0.000000  0.000000
orientation  0.00
Shape  Circ
Layer  all
$EndPAD
$PAD "2"
position  0.100000  0.000000
size  0.055000  0.055000
drill  0.032000
shape_offset  0.000000  0.000000
orientation  0.00
Shape  Circ
Layer  all
$EndPAD
$EndMODULE  C

$MODULE "C3"
reference "C3"
value "10n/250V"
footprint "C2"
attribut none
position  4.750000  3.625000
orientation  90.00
layer component
$SHAPE3D
Na "discret/capa_2pas_5x5mm.wrl"
Sc 1.000000 1.000000 1.000000
Of 0.000000 0.000000 0.000000
Ro 0.000000 0.000000 0.000000
$EndSHAPE3D
$PAD "1"
position -0.100000  0.000000
size  0.055000  0.055000
drill  0.032000
shape_offset  0.000000  0.000000
orientation  0.00
Shape  Circ
Layer  all
$EndPAD
$PAD "2"
position  0.100000  0.000000
size  0.055000  0.055000
drill  0.032000
shape_offset  0.000000  0.000000
orientation  0.00
Shape  Circ
Layer  all
$EndPAD
$EndMODULE  C

$MODULE "C4"
reference "C4"
value "10n/250V"
footprint "C2"
attribut none
position  5.775000  3.625000
orientation  90.00
layer component
$SHAPE3D
Na "discret/capa_2pas_5x5mm.wrl"
Sc 1.000000 1.000000 1.000000
Of 0.000000 0.000000 0.000000
Ro 0.000000 0.000000 0.000000
$EndSHAPE3D
$PAD "1"
position -0.100000  0.000000
size  0.055000  0.055000
drill  0.032000
shape_offset  0.000000  0.000000
orientation  0.00
Shape  Circ
Layer  all
$EndPAD
$PAD "2"
position  0.100000  0.000000
size  0.055000  0.055000
drill  0.032000
shape_offset  0.000000  0.000000
orientation  0.00
Shape  Circ
Layer  all
$EndPAD
$EndMODULE  C

$MODULE "C5"
reference "C5"
value "10n/250V"
footprint "C2"
attribut none
position  6.800000  3.625000
orientation  90.00
layer component
$SHAPE3D
Na "discret/capa_2pas_5x5mm.wrl"
Sc 1.000000 1.000000 1.000000
Of 0.000000 0.000000 0.000000
Ro 0.000000 0.000000 0.000000
$EndSHAPE3D
$PAD "1"
position -0.100000  0.000000
size  0.055000  0.055000
drill  0.032000
shape_offset  0.000000  0.000000
orientation  0.00
Shape  Circ
Layer  all
$EndPAD
$PAD "2"
position  0.100000  0.000000
size  0.055000  0.055000
drill  0.032000
shape_offset  0.000000  0.000000
orientation  0.00
Shape  Circ
Layer  all
$EndPAD
$EndMODULE  C

$MODULE "C6"
reference "C6"
value "10n/250V"
footprint "C2"
attribut none
position  7.225000  3.500000
orientation  180.00
layer component
$SHAPE3D
Na "discret/capa_2pas_5x5mm.wrl"
Sc 1.000000 1.000000 1.000000
Of 0.000000 0.000000 0.000000
Ro 0.000000 0.000000 0.000000
$EndSHAPE3D
$PAD "1"
position -0.100000  0.000000
size  0.055000  0.055000
drill  0.032000
shape_offset  0.000000  0.000000
orientation  0.00
Shape  Circ
Layer  all
$EndPAD
$PAD "2"
position  0.100000  0.000000
size  0.055000  0.055000
drill  0.032000
shape_offset  0.000000  0.000000
orientation  0.00
Shape  Circ
Layer  all
$EndPAD
$EndMODULE  C

$MODULE "C8"
reference "C8"
value "100n"
footprint "C2"
attribut none
position  3.775000  2.800000
orientation  270.00
layer component
$SHAPE3D
Na "discret/capa_2pas_5x5mm.wrl"
Sc 1.000000 1.000000 1.000000
Of 0.000000 0.000000 0.000000
Ro 0.000000 0.000000 0.000000
$EndSHAPE3D
$PAD "1"
position -0.100000  0.000000
size  0.055000  0.055000
drill  0.032000
shape_offset  0.000000  0.000000
orientation  0.00
Shape  Circ
Layer  all
$EndPAD
$PAD "2"
position  0.100000  0.000000
size  0.055000  0.055000
drill  0.032000
shape_offset  0.000000  0.000000
orientation  0.00
Shape  Circ
Layer  all
$EndPAD
$EndMODULE  C

$MODULE "C9"
reference "C9"
value "100n"
footprint "C2"
attribut none
position  5.475000  2.775000
orientation  270.00
layer component
$SHAPE3D
Na "discret/capa_2pas_5x5mm.wrl"
Sc 1.000000 1.000000 1.000000
Of 0.000000 0.000000 0.000000
Ro 0.000000 0.000000 0.000000
$EndSHAPE3D
$PAD "1"
position -0.100000  0.000000
size  0.055000  0.055000
drill  0.032000
shape_offset  0.000000  0.000000
orientation  0.00
Shape  Circ
Layer  all
$EndPAD
$PAD "2"
position  0.100000  0.000000
size  0.055000  0.055000
drill  0.032000
shape_offset  0.000000  0.000000
orientation  0.00
Shape  Circ
Layer  all
$EndPAD
$EndMODULE  C

$MODULE "C10"
reference "C10"
value "100n"
footprint "C2"
attribut none
position  6.675000  2.300000
orientation  270.00
layer component
$SHAPE3D
Na "discret/capa_2pas_5x5mm.wrl"
Sc 1.000000 1.000000 1.000000
Of 0.000000 0.000000 0.000000
Ro 0.000000 0.000000 0.000000
$EndSHAPE3D
$PAD "1"
position -0.100000  0.000000
size  0.055000  0.055000
drill  0.032000
shape_offset  0.000000  0.000000
orientation  0.00
Shape  Circ
Layer  all
$EndPAD
$PAD "2"
position  0.100000  0.000000
size  0.055000  0.055000
drill  0.032000
shape_offset  0.000000  0.000000
orientation  0.00
Shape  Circ
Layer  all
$EndPAD
$EndMODULE  C

$MODULE "C27"
reference "C27"
value "10n/250V"
footprint "C2"
attribut none
position  8.125000  3.075000
orientation  0.00
layer component
$SHAPE3D
Na "discret/capa_2pas_5x5mm.wrl"
Sc 1.000000 1.000000 1.000000
Of 0.000000 0.000000 0.000000
Ro 0.000000 0.000000 0.000000
$EndSHAPE3D
$PAD "1"
position -0.100000  0.000000
size  0.055000  0.055000
drill  0.032000
shape_offset  0.000000  0.000000
orientation  0.00
Shape  Circ
Layer  all
$EndPAD
$PAD "2"
position  0.100000  0.000000
size  0.055000  0.055000
drill  0.032000
shape_offset  0.000000  0.000000
orientation  0.00
Shape  Circ
Layer  all
$EndPAD
$EndMODULE  C

$MODULE "C28"
reference "C28"
value "10n/250V"
footprint "C2"
attribut none
position  2.025000  3.225000
orientation  90.00
layer component
$SHAPE3D
Na "discret/capa_2pas_5x5mm.wrl"
Sc 1.000000 1.000000 1.000000
Of 0.000000 0.000000 0.000000
Ro 0.000000 0.000000 0.000000
$EndSHAPE3D
$PAD "1"
position -0.100000  0.000000
size  0.055000  0.055000
drill  0.032000
shape_offset  0.000000  0.000000
orientation  0.00
Shape  Circ
Layer  all
$EndPAD
$PAD "2"
position  0.100000  0.000000
size  0.055000  0.055000
drill  0.032000
shape_offset  0.000000  0.000000
orientation  0.00
Shape  Circ
Layer  all
$EndPAD
$EndMODULE  C

$MODULE "D16"
reference "D16"
value "BZX85V200"
footprint "D4"
attribut none
position  8.125000  4.600000
orientation  180.00
layer component
$SHAPE3D
Na "discret/diode.wrl"
Sc 0.400000 0.400000 0.400000
Of 0.000000 0.000000 0.000000
Ro 0.000000 0.000000 0.000000
$EndSHAPE3D
$PAD "1"
position -0.200000  0.000000
size  0.070000  0.070000
drill  0.040000
shape_offset  0.000000  0.000000
orientation  0.00
Shape  Circ
Layer  all
$EndPAD
$PAD "2"
position  0.200000  0.000000
size  0.070000  0.070000
drill  0.040000
shape_offset  0.000000  0.000000
orientation  0.00
Shape  Rect
Layer  all
$EndPAD
$EndMODULE  D

$MODULE "D10"
reference "D10"
value "1N4004"
footprint "D5"
attribut none
position  9.224999  3.750000
orientation  90.00
layer component
$SHAPE3D
Na "discret/diode.wrl"
Sc 0.500000 0.500000 0.500000
Of 0.000000 0.000000 0.000000
Ro 0.000000 0.000000 0.000000
$EndSHAPE3D
$PAD "1"
position -0.250000  0.000000
size  0.070000  0.070000
drill  0.045000
shape_offset  0.000000  0.000000
orientation  0.00
Shape  Circ
Layer  all
$EndPAD
$PAD "2"
position  0.250000  0.000000
size  0.070000  0.070000
drill  0.045000
shape_offset  0.000000  0.000000
orientation  0.00
Shape  Rect
Layer  all
$EndPAD
$EndMODULE  D

$MODULE "D12"
reference "D12"
value "1N4004"
footprint "D5"
attribut none
position  9.025000  4.450000
orientation  270.00
layer component
$SHAPE3D
Na "discret/diode.wrl"
Sc 0.500000 0.500000 0.500000
Of 0.000000 0.000000 0.000000
Ro 0.000000 0.000000 0.000000
$EndSHAPE3D
$PAD "1"
position -0.250000  0.000000
size  0.070000  0.070000
drill  0.045000
shape_offset  0.000000  0.000000
orientation  0.00
Shape  Circ
Layer  all
$EndPAD
$PAD "2"
position  0.250000  0.000000
size  0.070000  0.070000
drill  0.045000
shape_offset  0.000000  0.000000
orientation  0.00
Shape  Rect
Layer  all
$EndPAD
$EndMODULE  D

$MODULE "D14"
reference "D14"
value "1N4004"
footprint "D5"
attribut none
position  9.224999  5.125000
orientation  270.00
layer component
$SHAPE3D
Na "discret/diode.wrl"
Sc 0.500000 0.500000 0.500000
Of 0.000000 0.000000 0.000000
Ro 0.000000 0.000000 0.000000
$EndSHAPE3D
$PAD "1"
position -0.250000  0.000000
size  0.070000  0.070000
drill  0.045000
shape_offset  0.000000  0.000000
orientation  0.00
Shape  Circ
Layer  all
$EndPAD
$PAD "2"
position  0.250000  0.000000
size  0.070000  0.070000
drill  0.045000
shape_offset  0.000000  0.000000
orientation  0.00
Shape  Rect
Layer  all
$EndPAD
$EndMODULE  D

$MODULE "D11"
reference "D11"
value "1N4004"
footprint "D5"
attribut none
position  9.025000  3.750000
orientation  270.00
layer component
$SHAPE3D
Na "discret/diode.wrl"
Sc 0.500000 0.500000 0.500000
Of 0.000000 0.000000 0.000000
Ro 0.000000 0.000000 0.000000
$EndSHAPE3D
$PAD "1"
position -0.250000  0.000000
size  0.070000  0.070000
drill  0.045000
shape_offset  0.000000  0.000000
orientation  0.00
Shape  Circ
Layer  all
$EndPAD
$PAD "2"
position  0.250000  0.000000
size  0.070000  0.070000
drill  0.045000
shape_offset  0.000000  0.000000
orientation  0.00
Shape  Rect
Layer  all
$EndPAD
$EndMODULE  D

$MODULE "D13"
reference "D13"
value "1N4004"
footprint "D5"
attribut none
position  9.224999  4.450000
orientation  270.00
layer component
$SHAPE3D
Na "discret/diode.wrl"
Sc 0.500000 0.500000 0.500000
Of 0.000000 0.000000 0.000000
Ro 0.000000 0.000000 0.000000
$EndSHAPE3D
$PAD "1"
position -0.250000  0.000000
size  0.070000  0.070000
drill  0.045000
shape_offset  0.000000  0.000000
orientation  0.00
Shape  Circ
Layer  all
$EndPAD
$PAD "2"
position  0.250000  0.000000
size  0.070000  0.070000
drill  0.045000
shape_offset  0.000000  0.000000
orientation  0.00
Shape  Rect
Layer  all
$EndPAD
$EndMODULE  D

$MODULE "D15"
reference "D15"
value "1N4004"
footprint "D5"
attribut none
position  9.025000  5.125000
orientation  90.00
layer component
$SHAPE3D
Na "discret/diode.wrl"
Sc 0.500000 0.500000 0.500000
Of 0.000000 0.000000 0.000000
Ro 0.000000 0.000000 0.000000
$EndSHAPE3D
$PAD "1"
position -0.250000  0.000000
size  0.070000  0.070000
drill  0.045000
shape_offset  0.000000  0.000000
orientation  0.00
Shape  Circ
Layer  all
$EndPAD
$PAD "2"
position  0.250000  0.000000
size  0.070000  0.070000
drill  0.045000
shape_offset  0.000000  0.000000
orientation  0.00
Shape  Rect
Layer  all
$EndPAD
$EndMODULE  D

$MODULE "D1"
reference "D1"
value "LED"
footprint "LEDV"
attribut none
position  7.625000  5.425000
orientation  0.00
layer component
$SHAPE3D
Na "discret/led5_vertical.wrl"
Sc 1.000000 1.000000 1.000000
Of 0.000000 0.000000 0.000000
Ro 0.000000 0.000000 0.000000
$EndSHAPE3D
$PAD "1"
position -0.050000  0.000000
size  0.055000  0.055000
drill  0.032000
shape_offset  0.000000  0.000000
orientation  0.00
Shape  Rect
Layer  all
$EndPAD
$PAD "2"
position  0.050000  0.000000
size  0.055000  0.055000
drill  0.032000
shape_offset  0.000000  0.000000
orientation  0.00
Shape  Circ
Layer  all
$EndPAD
$EndMODULE  D

$MODULE "D2"
reference "D2"
value "LED"
footprint "LEDV"
attribut none
position  6.800000  5.100000
orientation  0.00
layer component
$SHAPE3D
Na "discret/led5_vertical.wrl"
Sc 1.000000 1.000000 1.000000
Of 0.000000 0.000000 0.000000
Ro 0.000000 0.000000 0.000000
$EndSHAPE3D
$PAD "1"
position -0.050000  0.000000
size  0.055000  0.055000
drill  0.032000
shape_offset  0.000000  0.000000
orientation  0.00
Shape  Rect
Layer  all
$EndPAD
$PAD "2"
position  0.050000  0.000000
size  0.055000  0.055000
drill  0.032000
shape_offset  0.000000  0.000000
orientation  0.00
Shape  Circ
Layer  all
$EndPAD
$EndMODULE  D

$MODULE "D3"
reference "D3"
value "LED"
footprint "LEDV"
attribut none
position  5.800000  5.100000
orientation  0.00
layer component
$SHAPE3D
Na "discret/led5_vertical.wrl"
Sc 1.000000 1.000000 1.000000
Of 0.000000 0.000000 0.000000
Ro 0.000000 0.000000 0.000000
$EndSHAPE3D
$PAD "1"
position -0.050000  0.000000
size  0.055000  0.055000
drill  0.032000
shape_offset  0.000000  0.000000
orientation  0.00
Shape  Rect
Layer  all
$EndPAD
$PAD "2"
position  0.050000  0.000000
size  0.055000  0.055000
drill  0.032000
shape_offset  0.000000  0.000000
orientation  0.00
Shape  Circ
Layer  all
$EndPAD
$EndMODULE  D

$MODULE "D4"
reference "D4"
value "LED"
footprint "LEDV"
attribut none
position  4.800000  5.100000
orientation  0.00
layer component
$SHAPE3D
Na "discret/led5_vertical.wrl"
Sc 1.000000 1.000000 1.000000
Of 0.000000 0.000000 0.000000
Ro 0.000000 0.000000 0.000000
$EndSHAPE3D
$PAD "1"
position -0.050000  0.000000
size  0.055000  0.055000
drill  0.032000
shape_offset  0.000000  0.000000
orientation  0.00
Shape  Rect
Layer  all
$EndPAD
$PAD "2"
position  0.050000  0.000000
size  0.055000  0.055000
drill  0.032000
shape_offset  0.000000  0.000000
orientation  0.00
Shape  Circ
Layer  all
$EndPAD
$EndMODULE  D

$MODULE "D5"
reference "D5"
value "LED"
footprint "LEDV"
attribut none
position  3.800000  5.100000
orientation  0.00
layer component
$SHAPE3D
Na "discret/led5_vertical.wrl"
Sc 1.000000 1.000000 1.000000
Of 0.000000 0.000000 0.000000
Ro 0.000000 0.000000 0.000000
$EndSHAPE3D
$PAD "1"
position -0.050000  0.000000
size  0.055000  0.055000
drill  0.032000
shape_offset  0.000000  0.000000
orientation  0.00
Shape  Rect
Layer  all
$EndPAD
$PAD "2"
position  0.050000  0.000000
size  0.055000  0.055000
drill  0.032000
shape_offset  0.000000  0.000000
orientation  0.00
Shape  Circ
Layer  all
$EndPAD
$EndMODULE  D

$MODULE "D6"
reference "D6"
value "LED"
footprint "LEDV"
attribut none
position  2.800000  5.100000
orientation  0.00
layer component
$SHAPE3D
Na "discret/led5_vertical.wrl"
Sc 1.000000 1.000000 1.000000
Of 0.000000 0.000000 0.000000
Ro 0.000000 0.000000 0.000000
$EndSHAPE3D
$PAD "1"
position -0.050000  0.000000
size  0.055000  0.055000
drill  0.032000
shape_offset  0.000000  0.000000
orientation  0.00
Shape  Rect
Layer  all
$EndPAD
$PAD "2"
position  0.050000  0.000000
size  0.055000  0.055000
drill  0.032000
shape_offset  0.000000  0.000000
orientation  0.00
Shape  Circ
Layer  all
$EndPAD
$EndMODULE  D

$MODULE "D7"
reference "D7"
value "LED"
footprint "LEDV"
attribut none
position  1.825000  5.100000
orientation  0.00
layer component
$SHAPE3D
Na "discret/led5_vertical.wrl"
Sc 1.000000 1.000000 1.000000
Of 0.000000 0.000000 0.000000
Ro 0.000000 0.000000 0.000000
$EndSHAPE3D
$PAD "1"
position -0.050000  0.000000
size  0.055000  0.055000
drill  0.032000
shape_offset  0.000000  0.000000
orientation  0.00
Shape  Rect
Layer  all
$EndPAD
$PAD "2"
position  0.050000  0.000000
size  0.055000  0.055000
drill  0.032000
shape_offset  0.000000  0.000000
orientation  0.00
Shape  Circ
Layer  all
$EndPAD
$EndMODULE  D

$MODULE "D8"
reference "D8"
value "LED"
footprint "LEDV"
attribut none
position  8.500000  5.425000
orientation  180.00
layer component
$SHAPE3D
Na "discret/led5_vertical.wrl"
Sc 1.000000 1.000000 1.000000
Of 0.000000 0.000000 0.000000
Ro 0.000000 0.000000 0.000000
$EndSHAPE3D
$PAD "1"
position -0.050000  0.000000
size  0.055000  0.055000
drill  0.032000
shape_offset  0.000000  0.000000
orientation  0.00
Shape  Rect
Layer  all
$EndPAD
$PAD "2"
position  0.050000  0.000000
size  0.055000  0.055000
drill  0.032000
shape_offset  0.000000  0.000000
orientation  0.00
Shape  Circ
Layer  all
$EndPAD
$EndMODULE  D

$MODULE "R1"
reference "R1"
value "10k"
footprint "R4"
attribut none
position  1.675000  3.725000
orientation  270.00
layer component
$SHAPE3D
Na "discret/resistor.wrl"
Sc 0.400000 0.400000 0.400000
Of 0.000000 0.000000 0.000000
Ro 0.000000 0.000000 0.000000
$EndSHAPE3D
$PAD "1"
position -0.200000  0.000000
size  0.060000  0.060000
drill  0.032000
shape_offset  0.000000  0.000000
orientation  0.00
Shape  Circ
Layer  all
$EndPAD
$PAD "2"
position  0.200000  0.000000
size  0.060000  0.060000
drill  0.032000
shape_offset  0.000000  0.000000
orientation  0.00
Shape  Circ
Layer  all
$EndPAD
$EndMODULE  R

$MODULE "R2"
reference "R2"
value "10k"
footprint "R4"
attribut none
position  2.525000  3.725000
orientation  270.00
layer component
$SHAPE3D
Na "discret/resistor.wrl"
Sc 0.400000 0.400000 0.400000
Of 0.000000 0.000000 0.000000
Ro 0.000000 0.000000 0.000000
$EndSHAPE3D
$PAD "1"
position -0.200000  0.000000
size  0.060000  0.060000
drill  0.032000
shape_offset  0.000000  0.000000
orientation  0.00
Shape  Circ
Layer  all
$EndPAD
$PAD "2"
position  0.200000  0.000000
size  0.060000  0.060000
drill  0.032000
shape_offset  0.000000  0.000000
orientation  0.00
Shape  Circ
Layer  all
$EndPAD
$EndMODULE  R

$MODULE "R3"
reference "R3"
value "10k"
footprint "R4"
attribut none
position  2.650000  3.725000
orientation  270.00
layer component
$SHAPE3D
Na "discret/resistor.wrl"
Sc 0.400000 0.400000 0.400000
Of 0.000000 0.000000 0.000000
Ro 0.000000 0.000000 0.000000
$EndSHAPE3D
$PAD "1"
position -0.200000  0.000000
size  0.060000  0.060000
drill  0.032000
shape_offset  0.000000  0.000000
orientation  0.00
Shape  Circ
Layer  all
$EndPAD
$PAD "2"
position  0.200000  0.000000
size  0.060000  0.060000
drill  0.032000
shape_offset  0.000000  0.000000
orientation  0.00
Shape  Circ
Layer  all
$EndPAD
$EndMODULE  R

$MODULE "R4"
reference "R4"
value "10k"
footprint "R4"
attribut none
position  3.525000  3.725000
orientation  270.00
layer component
$SHAPE3D
Na "discret/resistor.wrl"
Sc 0.400000 0.400000 0.400000
Of 0.000000 0.000000 0.000000
Ro 0.000000 0.000000 0.000000
$EndSHAPE3D
$PAD "1"
position -0.200000  0.000000
size  0.060000  0.060000
drill  0.032000
shape_offset  0.000000  0.000000
orientation  0.00
Shape  Circ
Layer  all
$EndPAD
$PAD "2"
position  0.200000  0.000000
size  0.060000  0.060000
drill  0.032000
shape_offset  0.000000  0.000000
orientation  0.00
Shape  Circ
Layer  all
$EndPAD
$EndMODULE  R

$MODULE "R5"
reference "R5"
value "10k"
footprint "R4"
attribut none
position  3.650000  3.725000
orientation  270.00
layer component
$SHAPE3D
Na "discret/resistor.wrl"
Sc 0.400000 0.400000 0.400000
Of 0.000000 0.000000 0.000000
Ro 0.000000 0.000000 0.000000
$EndSHAPE3D
$PAD "1"
position -0.200000  0.000000
size  0.060000  0.060000
drill  0.032000
shape_offset  0.000000  0.000000
orientation  0.00
Shape  Circ
Layer  all
$EndPAD
$PAD "2"
position  0.200000  0.000000
size  0.060000  0.060000
drill  0.032000
shape_offset  0.000000  0.000000
orientation  0.00
Shape  Circ
Layer  all
$EndPAD
$EndMODULE  R

$MODULE "R6"
reference "R6"
value "10k"
footprint "R4"
attribut none
position  4.525000  3.725000
orientation  270.00
layer component
$SHAPE3D
Na "discret/resistor.wrl"
Sc 0.400000 0.400000 0.400000
Of 0.000000 0.000000 0.000000
Ro 0.000000 0.000000 0.000000
$EndSHAPE3D
$PAD "1"
position -0.200000  0.000000
size  0.060000  0.060000
drill  0.032000
shape_offset  0.000000  0.000000
orientation  0.00
Shape  Circ
Layer  all
$EndPAD
$PAD "2"
position  0.200000  0.000000
size  0.060000  0.060000
drill  0.032000
shape_offset  0.000000  0.000000
orientation  0.00
Shape  Circ
Layer  all
$EndPAD
$EndMODULE  R

$MODULE "R7"
reference "R7"
value "10k"
footprint "R4"
attribut none
position  4.650000  3.725000
orientation  270.00
layer component
$SHAPE3D
Na "discret/resistor.wrl"
Sc 0.400000 0.400000 0.400000
Of 0.000000 0.000000 0.000000
Ro 0.000000 0.000000 0.000000
$EndSHAPE3D
$PAD "1"
position -0.200000  0.000000
size  0.060000  0.060000
drill  0.032000
shape_offset  0.000000  0.000000
orientation  0.00
Shape  Circ
Layer  all
$EndPAD
$PAD "2"
position  0.200000  0.000000
size  0.060000  0.060000
drill  0.032000
shape_offset  0.000000  0.000000
orientation  0.00
Shape  Circ
Layer  all
$EndPAD
$EndMODULE  R

$MODULE "R8"
reference "R8"
value "10k"
footprint "R4"
attribut none
position  5.525000  3.725000
orientation  270.00
layer component
$SHAPE3D
Na "discret/resistor.wrl"
Sc 0.400000 0.400000 0.400000
Of 0.000000 0.000000 0.000000
Ro 0.000000 0.000000 0.000000
$EndSHAPE3D
$PAD "1"
position -0.200000  0.000000
size  0.060000  0.060000
drill  0.032000
shape_offset  0.000000  0.000000
orientation  0.00
Shape  Circ
Layer  all
$EndPAD
$PAD "2"
position  0.200000  0.000000
size  0.060000  0.060000
drill  0.032000
shape_offset  0.000000  0.000000
orientation  0.00
Shape  Circ
Layer  all
$EndPAD
$EndMODULE  R

$MODULE "R9"
reference "R9"
value "10k"
footprint "R4"
attribut none
position  5.650000  3.725000
orientation  270.00
layer component
$SHAPE3D
Na "discret/resistor.wrl"
Sc 0.400000 0.400000 0.400000
Of 0.000000 0.000000 0.000000
Ro 0.000000 0.000000 0.000000
$EndSHAPE3D
$PAD "1"
position -0.200000  0.000000
size  0.060000  0.060000
drill  0.032000
shape_offset  0.000000  0.000000
orientation  0.00
Shape  Circ
Layer  all
$EndPAD
$PAD "2"
position  0.200000  0.000000
size  0.060000  0.060000
drill  0.032000
shape_offset  0.000000  0.000000
orientation  0.00
Shape  Circ
Layer  all
$EndPAD
$EndMODULE  R

$MODULE "R10"
reference "R10"
value "10k"
footprint "R4"
attribut none
position  6.550000  3.725000
orientation  270.00
layer component
$SHAPE3D
Na "discret/resistor.wrl"
Sc 0.400000 0.400000 0.400000
Of 0.000000 0.000000 0.000000
Ro 0.000000 0.000000 0.000000
$EndSHAPE3D
$PAD "1"
position -0.200000  0.000000
size  0.060000  0.060000
drill  0.032000
shape_offset  0.000000  0.000000
orientation  0.00
Shape  Circ
Layer  all
$EndPAD
$PAD "2"
position  0.200000  0.000000
size  0.060000  0.060000
drill  0.032000
shape_offset  0.000000  0.000000
orientation  0.00
Shape  Circ
Layer  all
$EndPAD
$EndMODULE  R

$MODULE "R11"
reference "R11"
value "10k"
footprint "R4"
attribut none
position  6.675000  3.725000
orientation  270.00
layer component
$SHAPE3D
Na "discret/resistor.wrl"
Sc 0.400000 0.400000 0.400000
Of 0.000000 0.000000 0.000000
Ro 0.000000 0.000000 0.000000
$EndSHAPE3D
$PAD "1"
position -0.200000  0.000000
size  0.060000  0.060000
drill  0.032000
shape_offset  0.000000  0.000000
orientation  0.00
Shape  Circ
Layer  all
$EndPAD
$PAD "2"
position  0.200000  0.000000
size  0.060000  0.060000
drill  0.032000
shape_offset  0.000000  0.000000
orientation  0.00
Shape  Circ
Layer  all
$EndPAD
$EndMODULE  R

$MODULE "R18"
reference "R18"
value "100k"
footprint "R4"
attribut none
position  2.200000  3.625000
orientation  0.00
layer component
$SHAPE3D
Na "discret/resistor.wrl"
Sc 0.400000 0.400000 0.400000
Of 0.000000 0.000000 0.000000
Ro 0.000000 0.000000 0.000000
$EndSHAPE3D
$PAD "1"
position -0.200000  0.000000
size  0.060000  0.060000
drill  0.032000
shape_offset  0.000000  0.000000
orientation  0.00
Shape  Circ
Layer  all
$EndPAD
$PAD "2"
position  0.200000  0.000000
size  0.060000  0.060000
drill  0.032000
shape_offset  0.000000  0.000000
orientation  0.00
Shape  Circ
Layer  all
$EndPAD
$EndMODULE  R

$MODULE "R12"
reference "R12"
value "M22"
footprint "R4"
attribut none
position  2.200000  3.750000
orientation  180.00
layer component
$SHAPE3D
Na "discret/resistor.wrl"
Sc 0.400000 0.400000 0.400000
Of 0.000000 0.000000 0.000000
Ro 0.000000 0.000000 0.000000
$EndSHAPE3D
$PAD "1"
position -0.200000  0.000000
size  0.060000  0.060000
drill  0.032000
shape_offset  0.000000  0.000000
orientation  0.00
Shape  Circ
Layer  all
$EndPAD
$PAD "2"
position  0.200000  0.000000
size  0.060000  0.060000
drill  0.032000
shape_offset  0.000000  0.000000
orientation  0.00
Shape  Circ
Layer  all
$EndPAD
$EndMODULE  R

$MODULE "R19"
reference "R19"
value "100k"
footprint "R4"
attribut none
position  3.200000  3.625000
orientation  0.00
layer component
$SHAPE3D
Na "discret/resistor.wrl"
Sc 0.400000 0.400000 0.400000
Of 0.000000 0.000000 0.000000
Ro 0.000000 0.000000 0.000000
$EndSHAPE3D
$PAD "1"
position -0.200000  0.000000
size  0.060000  0.060000
drill  0.032000
shape_offset  0.000000  0.000000
orientation  0.00
Shape  Circ
Layer  all
$EndPAD
$PAD "2"
position  0.200000  0.000000
size  0.060000  0.060000
drill  0.032000
shape_offset  0.000000  0.000000
orientation  0.00
Shape  Circ
Layer  all
$EndPAD
$EndMODULE  R

$MODULE "R13"
reference "R13"
value "M22"
footprint "R4"
attribut none
position  3.200000  3.750000
orientation  180.00
layer component
$SHAPE3D
Na "discret/resistor.wrl"
Sc 0.400000 0.400000 0.400000
Of 0.000000 0.000000 0.000000
Ro 0.000000 0.000000 0.000000
$EndSHAPE3D
$PAD "1"
position -0.200000  0.000000
size  0.060000  0.060000
drill  0.032000
shape_offset  0.000000  0.000000
orientation  0.00
Shape  Circ
Layer  all
$EndPAD
$PAD "2"
position  0.200000  0.000000
size  0.060000  0.060000
drill  0.032000
shape_offset  0.000000  0.000000
orientation  0.00
Shape  Circ
Layer  all
$EndPAD
$EndMODULE  R

$MODULE "R20"
reference "R20"
value "100k"
footprint "R4"
attribut none
position  4.200000  3.625000
orientation  0.00
layer component
$SHAPE3D
Na "discret/resistor.wrl"
Sc 0.400000 0.400000 0.400000
Of 0.000000 0.000000 0.000000
Ro 0.000000 0.000000 0.000000
$EndSHAPE3D
$PAD "1"
position -0.200000  0.000000
size  0.060000  0.060000
drill  0.032000
shape_offset  0.000000  0.000000
orientation  0.00
Shape  Circ
Layer  all
$EndPAD
$PAD "2"
position  0.200000  0.000000
size  0.060000  0.060000
drill  0.032000
shape_offset  0.000000  0.000000
orientation  0.00
Shape  Circ
Layer  all
$EndPAD
$EndMODULE  R

$MODULE "R14"
reference "R14"
value "M22"
footprint "R4"
attribut none
position  4.200000  3.750000
orientation  180.00
layer component
$SHAPE3D
Na "discret/resistor.wrl"
Sc 0.400000 0.400000 0.400000
Of 0.000000 0.000000 0.000000
Ro 0.000000 0.000000 0.000000
$EndSHAPE3D
$PAD "1"
position -0.200000  0.000000
size  0.060000  0.060000
drill  0.032000
shape_offset  0.000000  0.000000
orientation  0.00
Shape  Circ
Layer  all
$EndPAD
$PAD "2"
position  0.200000  0.000000
size  0.060000  0.060000
drill  0.032000
shape_offset  0.000000  0.000000
orientation  0.00
Shape  Circ
Layer  all
$EndPAD
$EndMODULE  R

$MODULE "R21"
reference "R21"
value "100k"
footprint "R4"
attribut none
position  5.225000  3.625000
orientation  0.00
layer component
$SHAPE3D
Na "discret/resistor.wrl"
Sc 0.400000 0.400000 0.400000
Of 0.000000 0.000000 0.000000
Ro 0.000000 0.000000 0.000000
$EndSHAPE3D
$PAD "1"
position -0.200000  0.000000
size  0.060000  0.060000
drill  0.032000
shape_offset  0.000000  0.000000
orientation  0.00
Shape  Circ
Layer  all
$EndPAD
$PAD "2"
position  0.200000  0.000000
size  0.060000  0.060000
drill  0.032000
shape_offset  0.000000  0.000000
orientation  0.00
Shape  Circ
Layer  all
$EndPAD
$EndMODULE  R

$MODULE "R15"
reference "R15"
value "M22"
footprint "R4"
attribut none
position  5.225000  3.750000
orientation  180.00
layer component
$SHAPE3D
Na "discret/resistor.wrl"
Sc 0.400000 0.400000 0.400000
Of 0.000000 0.000000 0.000000
Ro 0.000000 0.000000 0.000000
$EndSHAPE3D
$PAD "1"
position -0.200000  0.000000
size  0.060000  0.060000
drill  0.032000
shape_offset  0.000000  0.000000
orientation  0.00
Shape  Circ
Layer  all
$EndPAD
$PAD "2"
position  0.200000  0.000000
size  0.060000  0.060000
drill  0.032000
shape_offset  0.000000  0.000000
orientation  0.00
Shape  Circ
Layer  all
$EndPAD
$EndMODULE  R

$MODULE "R22"
reference "R22"
value "100k"
footprint "R4"
attribut none
position  6.225000  3.625000
orientation  0.00
layer component
$SHAPE3D
Na "discret/resistor.wrl"
Sc 0.400000 0.400000 0.400000
Of 0.000000 0.000000 0.000000
Ro 0.000000 0.000000 0.000000
$EndSHAPE3D
$PAD "1"
position -0.200000  0.000000
size  0.060000  0.060000
drill  0.032000
shape_offset  0.000000  0.000000
orientation  0.00
Shape  Circ
Layer  all
$EndPAD
$PAD "2"
position  0.200000  0.000000
size  0.060000  0.060000
drill  0.032000
shape_offset  0.000000  0.000000
orientation  0.00
Shape  Circ
Layer  all
$EndPAD
$EndMODULE  R

$MODULE "R16"
reference "R16"
value "M22"
footprint "R4"
attribut none
position  6.225000  3.750000
orientation  180.00
layer component
$SHAPE3D
Na "discret/resistor.wrl"
Sc 0.400000 0.400000 0.400000
Of 0.000000 0.000000 0.000000
Ro 0.000000 0.000000 0.000000
$EndSHAPE3D
$PAD "1"
position -0.200000  0.000000
size  0.060000  0.060000
drill  0.032000
shape_offset  0.000000  0.000000
orientation  0.00
Shape  Circ
Layer  all
$EndPAD
$PAD "2"
position  0.200000  0.000000
size  0.060000  0.060000
drill  0.032000
shape_offset  0.000000  0.000000
orientation  0.00
Shape  Circ
Layer  all
$EndPAD
$EndMODULE  R

$MODULE "R23"
reference "R23"
value "100k"
footprint "R4"
attribut none
position  7.225000  3.625000
orientation  0.00
layer component
$SHAPE3D
Na "discret/resistor.wrl"
Sc 0.400000 0.400000 0.400000
Of 0.000000 0.000000 0.000000
Ro 0.000000 0.000000 0.000000
$EndSHAPE3D
$PAD "1"
position -0.200000  0.000000
size  0.060000  0.060000
drill  0.032000
shape_offset  0.000000  0.000000
orientation  0.00
Shape  Circ
Layer  all
$EndPAD
$PAD "2"
position  0.200000  0.000000
size  0.060000  0.060000
drill  0.032000
shape_offset  0.000000  0.000000
orientation  0.00
Shape  Circ
Layer  all
$EndPAD
$EndMODULE  R

$MODULE "R17"
reference "R17"
value "M22"
footprint "R4"
attribut none
position  7.225000  3.750000
orientation  180.00
layer component
$SHAPE3D
Na "discret/resistor.wrl"
Sc 0.400000 0.400000 0.400000
Of 0.000000 0.000000 0.000000
Ro 0.000000 0.000000 0.000000
$EndSHAPE3D
$PAD "1"
position -0.200000  0.000000
size  0.060000  0.060000
drill  0.032000
shape_offset  0.000000  0.000000
orientation  0.00
Shape  Circ
Layer  all
$EndPAD
$PAD "2"
position  0.200000  0.000000
size  0.060000  0.060000
drill  0.032000
shape_offset  0.000000  0.000000
orientation  0.00
Shape  Circ
Layer  all
$EndPAD
$EndMODULE  R

$MODULE "R26"
reference "R26"
value "22k"
footprint "R4"
attribut none
position  1.975000  2.375000
orientation  180.00
layer component
$SHAPE3D
Na "discret/resistor.wrl"
Sc 0.400000 0.400000 0.400000
Of 0.000000 0.000000 0.000000
Ro 0.000000 0.000000 0.000000
$EndSHAPE3D
$PAD "1"
position -0.200000  0.000000
size  0.060000  0.060000
drill  0.032000
shape_offset  0.000000  0.000000
orientation  0.00
Shape  Circ
Layer  all
$EndPAD
$PAD "2"
position  0.200000  0.000000
size  0.060000  0.060000
drill  0.032000
shape_offset  0.000000  0.000000
orientation  0.00
Shape  Circ
Layer  all
$EndPAD
$EndMODULE  R

$MODULE "R25"
reference "R25"
value "22k"
footprint "R4"
attribut none
position  1.975000  2.250000
orientation  180.00
layer component
$SHAPE3D
Na "discret/resistor.wrl"
Sc 0.400000 0.400000 0.400000
Of 0.000000 0.000000 0.000000
Ro 0.000000 0.000000 0.000000
$EndSHAPE3D
$PAD "1"
position -0.200000  0.000000
size  0.060000  0.060000
drill  0.032000
shape_offset  0.000000  0.000000
orientation  0.00
Shape  Circ
Layer  all
$EndPAD
$PAD "2"
position  0.200000  0.000000
size  0.060000  0.060000
drill  0.032000
shape_offset  0.000000  0.000000
orientation  0.00
Shape  Circ
Layer  all
$EndPAD
$EndMODULE  R

$MODULE "R24"
reference "R24"
value "22k"
footprint "R4"
attribut none
position  2.525000  2.525000
orientation  90.00
layer component
$SHAPE3D
Na "discret/resistor.wrl"
Sc 0.400000 0.400000 0.400000
Of 0.000000 0.000000 0.000000
Ro 0.000000 0.000000 0.000000
$EndSHAPE3D
$PAD "1"
position -0.200000  0.000000
size  0.060000  0.060000
drill  0.032000
shape_offset  0.000000  0.000000
orientation  0.00
Shape  Circ
Layer  all
$EndPAD
$PAD "2"
position  0.200000  0.000000
size  0.060000  0.060000
drill  0.032000
shape_offset  0.000000  0.000000
orientation  0.00
Shape  Circ
Layer  all
$EndPAD
$EndMODULE  R

$MODULE "R27"
reference "R27"
value "270"
footprint "R4"
attribut none
position  6.850000  2.925000
orientation  180.00
layer component
$SHAPE3D
Na "discret/resistor.wrl"
Sc 0.400000 0.400000 0.400000
Of 0.000000 0.000000 0.000000
Ro 0.000000 0.000000 0.000000
$EndSHAPE3D
$PAD "1"
position -0.200000  0.000000
size  0.060000  0.060000
drill  0.032000
shape_offset  0.000000  0.000000
orientation  0.00
Shape  Circ
Layer  all
$EndPAD
$PAD "2"
position  0.200000  0.000000
size  0.060000  0.060000
drill  0.032000
shape_offset  0.000000  0.000000
orientation  0.00
Shape  Circ
Layer  all
$EndPAD
$EndMODULE  R

$MODULE "R28"
reference "R28"
value "270"
footprint "R4"
attribut none
position  6.900000  3.725000
orientation  90.00
layer component
$SHAPE3D
Na "discret/resistor.wrl"
Sc 0.400000 0.400000 0.400000
Of 0.000000 0.000000 0.000000
Ro 0.000000 0.000000 0.000000
$EndSHAPE3D
$PAD "1"
position -0.200000  0.000000
size  0.060000  0.060000
drill  0.032000
shape_offset  0.000000  0.000000
orientation  0.00
Shape  Circ
Layer  all
$EndPAD
$PAD "2"
position  0.200000  0.000000
size  0.060000  0.060000
drill  0.032000
shape_offset  0.000000  0.000000
orientation  0.00
Shape  Circ
Layer  all
$EndPAD
$EndMODULE  R

$MODULE "R29"
reference "R29"
value "270"
footprint "R4"
attribut none
position  5.875000  3.725000
orientation  90.00
layer component
$SHAPE3D
Na "discret/resistor.wrl"
Sc 0.400000 0.400000 0.400000
Of 0.000000 0.000000 0.000000
Ro 0.000000 0.000000 0.000000
$EndSHAPE3D
$PAD "1"
position -0.200000  0.000000
size  0.060000  0.060000
drill  0.032000
shape_offset  0.000000  0.000000
orientation  0.00
Shape  Circ
Layer  all
$EndPAD
$PAD "2"
position  0.200000  0.000000
size  0.060000  0.060000
drill  0.032000
shape_offset  0.000000  0.000000
orientation  0.00
Shape  Circ
Layer  all
$EndPAD
$EndMODULE  R

$MODULE "R30"
reference "R30"
value "270"
footprint "R4"
attribut none
position  4.850000  3.725000
orientation  90.00
layer component
$SHAPE3D
Na "discret/resistor.wrl"
Sc 0.400000 0.400000 0.400000
Of 0.000000 0.000000 0.000000
Ro 0.000000 0.000000 0.000000
$EndSHAPE3D
$PAD "1"
position -0.200000  0.000000
size  0.060000  0.060000
drill  0.032000
shape_offset  0.000000  0.000000
orientation  0.00
Shape  Circ
Layer  all
$EndPAD
$PAD "2"
position  0.200000  0.000000
size  0.060000  0.060000
drill  0.032000
shape_offset  0.000000  0.000000
orientation  0.00
Shape  Circ
Layer  all
$EndPAD
$EndMODULE  R

$MODULE "R31"
reference "R31"
value "270"
footprint "R4"
attribut none
position  3.875000  3.725000
orientation  90.00
layer component
$SHAPE3D
Na "discret/resistor.wrl"
Sc 0.400000 0.400000 0.400000
Of 0.000000 0.000000 0.000000
Ro 0.000000 0.000000 0.000000
$EndSHAPE3D
$PAD "1"
position -0.200000  0.000000
size  0.060000  0.060000
drill  0.032000
shape_offset  0.000000  0.000000
orientation  0.00
Shape  Circ
Layer  all
$EndPAD
$PAD "2"
position  0.200000  0.000000
size  0.060000  0.060000
drill  0.032000
shape_offset  0.000000  0.000000
orientation  0.00
Shape  Circ
Layer  all
$EndPAD
$EndMODULE  R

$MODULE "R32"
reference "R32"
value "270"
footprint "R4"
attribut none
position  2.875000  3.725000
orientation  90.00
layer component
$SHAPE3D
Na "discret/resistor.wrl"
Sc 0.400000 0.400000 0.400000
Of 0.000000 0.000000 0.000000
Ro 0.000000 0.000000 0.000000
$EndSHAPE3D
$PAD "1"
position -0.200000  0.000000
size  0.060000  0.060000
drill  0.032000
shape_offset  0.000000  0.000000
orientation  0.00
Shape  Circ
Layer  all
$EndPAD
$PAD "2"
position  0.200000  0.000000
size  0.060000  0.060000
drill  0.032000
shape_offset  0.000000  0.000000
orientation  0.00
Shape  Circ
Layer  all
$EndPAD
$EndMODULE  R

$MODULE "R33"
reference "R33"
value "270"
footprint "R4"
attribut none
position  1.850000  3.725000
orientation  90.00
layer component
$SHAPE3D
Na "discret/resistor.wrl"
Sc 0.400000 0.400000 0.400000
Of 0.000000 0.000000 0.000000
Ro 0.000000 0.000000 0.000000
$EndSHAPE3D
$PAD "1"
position -0.200000  0.000000
size  0.060000  0.060000
drill  0.032000
shape_offset  0.000000  0.000000
orientation  0.00
Shape  Circ
Layer  all
$EndPAD
$PAD "2"
position  0.200000  0.000000
size  0.060000  0.060000
drill  0.032000
shape_offset  0.000000  0.000000
orientation  0.00
Shape  Circ
Layer  all
$EndPAD
$EndMODULE  R

$MODULE "R34"
reference "R34"
value "1M2"
footprint "R4"
attribut none
position  2.175000  3.225000
orientation  270.00
layer component
$SHAPE3D
Na "discret/resistor.wrl"
Sc 0.400000 0.400000 0.400000
Of 0.000000 0.000000 0.000000
Ro 0.000000 0.000000 0.000000
$EndSHAPE3D
$PAD "1"
position -0.200000  0.000000
size  0.060000  0.060000
drill  0.032000
shape_offset  0.000000  0.000000
orientation  0.00
Shape  Circ
Layer  all
$EndPAD
$PAD "2"
position  0.200000  0.000000
size  0.060000  0.060000
drill  0.032000
shape_offset  0.000000  0.000000
orientation  0.00
Shape  Circ
Layer  all
$EndPAD
$EndMODULE  R

$MODULE "R35"
reference "R35"
value "22k"
footprint "R4"
attribut none
position  1.825000  3.025000
orientation  180.00
layer component
$SHAPE3D
Na "discret/resistor.wrl"
Sc 0.400000 0.400000 0.400000
Of 0.000000 0.000000 0.000000
Ro 0.000000 0.000000 0.000000
$EndSHAPE3D
$PAD "1"
position -0.200000  0.000000
size  0.060000  0.060000
drill  0.032000
shape_offset  0.000000  0.000000
orientation  0.00
Shape  Circ
Layer  all
$EndPAD
$PAD "2"
position  0.200000  0.000000
size  0.060000  0.060000
drill  0.032000
shape_offset  0.000000  0.000000
orientation  0.00
Shape  Circ
Layer  all
$EndPAD
$EndMODULE  R

$MODULE "R36"
reference "R36"
value "15k"
footprint "R4"
attribut none
position  2.000000  4.275000
orientation  270.00
layer component
$SHAPE3D
Na "discret/resistor.wrl"
Sc 0.400000 0.400000 0.400000
Of 0.000000 0.000000 0.000000
Ro 0.000000 0.000000 0.000000
$EndSHAPE3D
$PAD "1"
position -0.200000  0.000000
size  0.060000  0.060000
drill  0.032000
shape_offset  0.000000  0.000000
orientation  0.00
Shape  Circ
Layer  all
$EndPAD
$PAD "2"
position  0.200000  0.000000
size  0.060000  0.060000
drill  0.032000
shape_offset  0.000000  0.000000
orientation  0.00
Shape  Circ
Layer  all
$EndPAD
$EndMODULE  R

$MODULE "R37"
reference "R37"
value "15k"
footprint "R4"
attribut none
position  3.000000  4.275000
orientation  270.00
layer component
$SHAPE3D
Na "discret/resistor.wrl"
Sc 0.400000 0.400000 0.400000
Of 0.000000 0.000000 0.000000
Ro 0.000000 0.000000 0.000000
$EndSHAPE3D
$PAD "1"
position -0.200000  0.000000
size  0.060000  0.060000
drill  0.032000
shape_offset  0.000000  0.000000
orientation  0.00
Shape  Circ
Layer  all
$EndPAD
$PAD "2"
position  0.200000  0.000000
size  0.060000  0.060000
drill  0.032000
shape_offset  0.000000  0.000000
orientation  0.00
Shape  Circ
Layer  all
$EndPAD
$EndMODULE  R

$MODULE "R38"
reference "R38"
value "15k"
footprint "R4"
attribut none
position  4.000000  4.275000
orientation  270.00
layer component
$SHAPE3D
Na "discret/resistor.wrl"
Sc 0.400000 0.400000 0.400000
Of 0.000000 0.000000 0.000000
Ro 0.000000 0.000000 0.000000
$EndSHAPE3D
$PAD "1"
position -0.200000  0.000000
size  0.060000  0.060000
drill  0.032000
shape_offset  0.000000  0.000000
orientation  0.00
Shape  Circ
Layer  all
$EndPAD
$PAD "2"
position  0.200000  0.000000
size  0.060000  0.060000
drill  0.032000
shape_offset  0.000000  0.000000
orientation  0.00
Shape  Circ
Layer  all
$EndPAD
$EndMODULE  R

$MODULE "R39"
reference "R39"
value "15k"
footprint "R4"
attribut none
position  5.000000  4.275000
orientation  270.00
layer component
$SHAPE3D
Na "discret/resistor.wrl"
Sc 0.400000 0.400000 0.400000
Of 0.000000 0.000000 0.000000
Ro 0.000000 0.000000 0.000000
$EndSHAPE3D
$PAD "1"
position -0.200000  0.000000
size  0.060000  0.060000
drill  0.032000
shape_offset  0.000000  0.000000
orientation  0.00
Shape  Circ
Layer  all
$EndPAD
$PAD "2"
position  0.200000  0.000000
size  0.060000  0.060000
drill  0.032000
shape_offset  0.000000  0.000000
orientation  0.00
Shape  Circ
Layer  all
$EndPAD
$EndMODULE  R

$MODULE "R40"
reference "R40"
value "15k"
footprint "R4"
attribut none
position  6.000000  4.275000
orientation  270.00
layer component
$SHAPE3D
Na "discret/resistor.wrl"
Sc 0.400000 0.400000 0.400000
Of 0.000000 0.000000 0.000000
Ro 0.000000 0.000000 0.000000
$EndSHAPE3D
$PAD "1"
position -0.200000  0.000000
size  0.060000  0.060000
drill  0.032000
shape_offset  0.000000  0.000000
orientation  0.00
Shape  Circ
Layer  all
$EndPAD
$PAD "2"
position  0.200000  0.000000
size  0.060000  0.060000
drill  0.032000
shape_offset  0.000000  0.000000
orientation  0.00
Shape  Circ
Layer  all
$EndPAD
$EndMODULE  R

$MODULE "R41"
reference "R41"
value "15k"
footprint "R4"
attribut none
position  7.025000  4.275000
orientation  270.00
layer component
$SHAPE3D
Na "discret/resistor.wrl"
Sc 0.400000 0.400000 0.400000
Of 0.000000 0.000000 0.000000
Ro 0.000000 0.000000 0.000000
$EndSHAPE3D
$PAD "1"
position -0.200000  0.000000
size  0.060000  0.060000
drill  0.032000
shape_offset  0.000000  0.000000
orientation  0.00
Shape  Circ
Layer  all
$EndPAD
$PAD "2"
position  0.200000  0.000000
size  0.060000  0.060000
drill  0.032000
shape_offset  0.000000  0.000000
orientation  0.00
Shape  Circ
Layer  all
$EndPAD
$EndMODULE  R

$MODULE "R51"
reference "R51"
value "100k"
footprint "R4"
attribut none
position  8.125000  4.750000
orientation  180.00
layer component
$SHAPE3D
Na "discret/resistor.wrl"
Sc 0.400000 0.400000 0.400000
Of 0.000000 0.000000 0.000000
Ro 0.000000 0.000000 0.000000
$EndSHAPE3D
$PAD "1"
position -0.200000  0.000000
size  0.060000  0.060000
drill  0.032000
shape_offset  0.000000  0.000000
orientation  0.00
Shape  Circ
Layer  all
$EndPAD
$PAD "2"
position  0.200000  0.000000
size  0.060000  0.060000
drill  0.032000
shape_offset  0.000000  0.000000
orientation  0.00
Shape  Circ
Layer  all
$EndPAD
$EndMODULE  R

$MODULE "R52"
reference "R52"
value "M22"
footprint "R4"
attribut none
position  7.900000  3.225000
orientation  0.00
layer component
$SHAPE3D
Na "discret/resistor.wrl"
Sc 0.400000 0.400000 0.400000
Of 0.000000 0.000000 0.000000
Ro 0.000000 0.000000 0.000000
$EndSHAPE3D
$PAD "1"
position -0.200000  0.000000
size  0.060000  0.060000
drill  0.032000
shape_offset  0.000000  0.000000
orientation  0.00
Shape  Circ
Layer  all
$EndPAD
$PAD "2"
position  0.200000  0.000000
size  0.060000  0.060000
drill  0.032000
shape_offset  0.000000  0.000000
orientation  0.00
Shape  Circ
Layer  all
$EndPAD
$EndMODULE  R

$MODULE "Q1"
reference "Q1"
value "MPSA42"
footprint "TO92"
attribut none
position  1.650000  4.375000
orientation  0.00
layer component
$SHAPE3D
Na "discret/to98.wrl"
Sc 1.000000 1.000000 1.000000
Of 0.000000 0.000000 0.000000
Ro 0.000000 0.000000 0.000000
$EndSHAPE3D
$PAD "1"
position  0.050000 -0.050000
size  0.055000  0.055000
drill  0.032000
shape_offset  0.000000  0.000000
orientation  0.00
Shape  Rect
Layer  all
$EndPAD
$PAD "2"
position -0.050000 -0.050000
size  0.055000  0.055000
drill  0.032000
shape_offset  0.000000  0.000000
orientation  0.00
Shape  Circ
Layer  all
$EndPAD
$PAD "3"
position -0.050000  0.050000
size  0.055000  0.055000
drill  0.032000
shape_offset  0.000000  0.000000
orientation  0.00
Shape  Circ
Layer  all
$EndPAD
$EndMODULE  Q

$MODULE "Q2"
reference "Q2"
value "MPSA42"
footprint "TO92"
attribut none
position  2.400000  4.375000
orientation  0.00
layer component
$SHAPE3D
Na "discret/to98.wrl"
Sc 1.000000 1.000000 1.000000
Of 0.000000 0.000000 0.000000
Ro 0.000000 0.000000 0.000000
$EndSHAPE3D
$PAD "1"
position  0.050000 -0.050000
size  0.055000  0.055000
drill  0.032000
shape_offset  0.000000  0.000000
orientation  0.00
Shape  Rect
Layer  all
$EndPAD
$PAD "2"
position -0.050000 -0.050000
size  0.055000  0.055000
drill  0.032000
shape_offset  0.000000  0.000000
orientation  0.00
Shape  Circ
Layer  all
$EndPAD
$PAD "3"
position -0.050000  0.050000
size  0.055000  0.055000
drill  0.032000
shape_offset  0.000000  0.000000
orientation  0.00
Shape  Circ
Layer  all
$EndPAD
$EndMODULE  Q

$MODULE "Q3"
reference "Q3"
value "MPSA42"
footprint "TO92"
attribut none
position  2.725000  4.375000
orientation  0.00
layer component
$SHAPE3D
Na "discret/to98.wrl"
Sc 1.000000 1.000000 1.000000
Of 0.000000 0.000000 0.000000
Ro 0.000000 0.000000 0.000000
$EndSHAPE3D
$PAD "1"
position  0.050000 -0.050000
size  0.055000  0.055000
drill  0.032000
shape_offset  0.000000  0.000000
orientation  0.00
Shape  Rect
Layer  all
$EndPAD
$PAD "2"
position -0.050000 -0.050000
size  0.055000  0.055000
drill  0.032000
shape_offset  0.000000  0.000000
orientation  0.00
Shape  Circ
Layer  all
$EndPAD
$PAD "3"
position -0.050000  0.050000
size  0.055000  0.055000
drill  0.032000
shape_offset  0.000000  0.000000
orientation  0.00
Shape  Circ
Layer  all
$EndPAD
$EndMODULE  Q

$MODULE "Q4"
reference "Q4"
value "MPSA42"
footprint "TO92"
attribut none
position  3.325000  4.375000
orientation  0.00
layer component
$SHAPE3D
Na "discret/to98.wrl"
Sc 1.000000 1.000000 1.000000
Of 0.000000 0.000000 0.000000
Ro 0.000000 0.000000 0.000000
$EndSHAPE3D
$PAD "1"
position  0.050000 -0.050000
size  0.055000  0.055000
drill  0.032000
shape_offset  0.000000  0.000000
orientation  0.00
Shape  Rect
Layer  all
$EndPAD
$PAD "2"
position -0.050000 -0.050000
size  0.055000  0.055000
drill  0.032000
shape_offset  0.000000  0.000000
orientation  0.00
Shape  Circ
Layer  all
$EndPAD
$PAD "3"
position -0.050000  0.050000
size  0.055000  0.055000
drill  0.032000
shape_offset  0.000000  0.000000
orientation  0.00
Shape  Circ
Layer  all
$EndPAD
$EndMODULE  Q

$MODULE "Q5"
reference "Q5"
value "MPSA42"
footprint "TO92"
attribut none
position  3.625000  4.375000
orientation  0.00
layer component
$SHAPE3D
Na "discret/to98.wrl"
Sc 1.000000 1.000000 1.000000
Of 0.000000 0.000000 0.000000
Ro 0.000000 0.000000 0.000000
$EndSHAPE3D
$PAD "1"
position  0.050000 -0.050000
size  0.055000  0.055000
drill  0.032000
shape_offset  0.000000  0.000000
orientation  0.00
Shape  Rect
Layer  all
$EndPAD
$PAD "2"
position -0.050000 -0.050000
size  0.055000  0.055000
drill  0.032000
shape_offset  0.000000  0.000000
orientation  0.00
Shape  Circ
Layer  all
$EndPAD
$PAD "3"
position -0.050000  0.050000
size  0.055000  0.055000
drill  0.032000
shape_offset  0.000000  0.000000
orientation  0.00
Shape  Circ
Layer  all
$EndPAD
$EndMODULE  Q

$MODULE "Q6"
reference "Q6"
value "MPSA42"
footprint "TO92"
attribut none
position  4.350000  4.375000
orientation  0.00
layer component
$SHAPE3D
Na "discret/to98.wrl"
Sc 1.000000 1.000000 1.000000
Of 0.000000 0.000000 0.000000
Ro 0.000000 0.000000 0.000000
$EndSHAPE3D
$PAD "1"
position  0.050000 -0.050000
size  0.055000  0.055000
drill  0.032000
shape_offset  0.000000  0.000000
orientation  0.00
Shape  Rect
Layer  all
$EndPAD
$PAD "2"
position -0.050000 -0.050000
size  0.055000  0.055000
drill  0.032000
shape_offset  0.000000  0.000000
orientation  0.00
Shape  Circ
Layer  all
$EndPAD
$PAD "3"
position -0.050000  0.050000
size  0.055000  0.055000
drill  0.032000
shape_offset  0.000000  0.000000
orientation  0.00
Shape  Circ
Layer  all
$EndPAD
$EndMODULE  Q

$MODULE "Q7"
reference "Q7"
value "MPSA42"
footprint "TO92"
attribut none
position  4.675000  4.375000
orientation  0.00
layer component
$SHAPE3D
Na "discret/to98.wrl"
Sc 1.000000 1.000000 1.000000
Of 0.000000 0.000000 0.000000
Ro 0.000000 0.000000 0.000000
$EndSHAPE3D
$PAD "1"
position  0.050000 -0.050000
size  0.055000  0.055000
drill  0.032000
shape_offset  0.000000  0.000000
orientation  0.00
Shape  Rect
Layer  all
$EndPAD
$PAD "2"
position -0.050000 -0.050000
size  0.055000  0.055000
drill  0.032000
shape_offset  0.000000  0.000000
orientation  0.00
Shape  Circ
Layer  all
$EndPAD
$PAD "3"
position -0.050000  0.050000
size  0.055000  0.055000
drill  0.032000
shape_offset  0.000000  0.000000
orientation  0.00
Shape  Circ
Layer  all
$EndPAD
$EndMODULE  Q

$MODULE "Q8"
reference "Q8"
value "MPSA42"
footprint "TO92"
attribut none
position  5.375000  4.375000
orientation  0.00
layer component
$SHAPE3D
Na "discret/to98.wrl"
Sc 1.000000 1.000000 1.000000
Of 0.000000 0.000000 0.000000
Ro 0.000000 0.000000 0.000000
$EndSHAPE3D
$PAD "1"
position  0.050000 -0.050000
size  0.055000  0.055000
drill  0.032000
shape_offset  0.000000  0.000000
orientation  0.00
Shape  Rect
Layer  all
$EndPAD
$PAD "2"
position -0.050000 -0.050000
size  0.055000  0.055000
drill  0.032000
shape_offset  0.000000  0.000000
orientation  0.00
Shape  Circ
Layer  all
$EndPAD
$PAD "3"
position -0.050000  0.050000
size  0.055000  0.055000
drill  0.032000
shape_offset  0.000000  0.000000
orientation  0.00
Shape  Circ
Layer  all
$EndPAD
$EndMODULE  Q

$MODULE "Q9"
reference "Q9"
value "MPSA42"
footprint "TO92"
attribut none
position  5.700000  4.375000
orientation  0.00
layer component
$SHAPE3D
Na "discret/to98.wrl"
Sc 1.000000 1.000000 1.000000
Of 0.000000 0.000000 0.000000
Ro 0.000000 0.000000 0.000000
$EndSHAPE3D
$PAD "1"
position  0.050000 -0.050000
size  0.055000  0.055000
drill  0.032000
shape_offset  0.000000  0.000000
orientation  0.00
Shape  Rect
Layer  all
$EndPAD
$PAD "2"
position -0.050000 -0.050000
size  0.055000  0.055000
drill  0.032000
shape_offset  0.000000  0.000000
orientation  0.00
Shape  Circ
Layer  all
$EndPAD
$PAD "3"
position -0.050000  0.050000
size  0.055000  0.055000
drill  0.032000
shape_offset  0.000000  0.000000
orientation  0.00
Shape  Circ
Layer  all
$EndPAD
$EndMODULE  Q

$MODULE "Q10"
reference "Q10"
value "MPSA42"
footprint "TO92"
attribut none
position  6.425000  4.375000
orientation  0.00
layer component
$SHAPE3D
Na "discret/to98.wrl"
Sc 1.000000 1.000000 1.000000
Of 0.000000 0.000000 0.000000
Ro 0.000000 0.000000 0.000000
$EndSHAPE3D
$PAD "1"
position  0.050000 -0.050000
size  0.055000  0.055000
drill  0.032000
shape_offset  0.000000  0.000000
orientation  0.00
Shape  Rect
Layer  all
$EndPAD
$PAD "2"
position -0.050000 -0.050000
size  0.055000  0.055000
drill  0.032000
shape_offset  0.000000  0.000000
orientation  0.00
Shape  Circ
Layer  all
$EndPAD
$PAD "3"
position -0.050000  0.050000
size  0.055000  0.055000
drill  0.032000
shape_offset  0.000000  0.000000
orientation  0.00
Shape  Circ
Layer  all
$EndPAD
$EndMODULE  Q

$MODULE "Q11"
reference "Q11"
value "MPSA42"
footprint "TO92"
attribut none
position  6.750000  4.375000
orientation  0.00
layer component
$SHAPE3D
Na "discret/to98.wrl"
Sc 1.000000 1.000000 1.000000
Of 0.000000 0.000000 0.000000
Ro 0.000000 0.000000 0.000000
$EndSHAPE3D
$PAD "1"
position  0.050000 -0.050000
size  0.055000  0.055000
drill  0.032000
shape_offset  0.000000  0.000000
orientation  0.00
Shape  Rect
Layer  all
$EndPAD
$PAD "2"
position -0.050000 -0.050000
size  0.055000  0.055000
drill  0.032000
shape_offset  0.000000  0.000000
orientation  0.00
Shape  Circ
Layer  all
$EndPAD
$PAD "3"
position -0.050000  0.050000
size  0.055000  0.055000
drill  0.032000
shape_offset  0.000000  0.000000
orientation  0.00
Shape  Circ
Layer  all
$EndPAD
$EndMODULE  Q

$MODULE "Q12"
reference "Q12"
value "MPSA92"
footprint "TO92"
attribut none
position  2.225000  4.025000
orientation  0.00
layer component
$SHAPE3D
Na "discret/to98.wrl"
Sc 1.000000 1.000000 1.000000
Of 0.000000 0.000000 0.000000
Ro 0.000000 0.000000 0.000000
$EndSHAPE3D
$PAD "1"
position  0.050000 -0.050000
size  0.055000  0.055000
drill  0.032000
shape_offset  0.000000  0.000000
orientation  0.00
Shape  Rect
Layer  all
$EndPAD
$PAD "2"
position -0.050000 -0.050000
size  0.055000  0.055000
drill  0.032000
shape_offset  0.000000  0.000000
orientation  0.00
Shape  Circ
Layer  all
$EndPAD
$PAD "3"
position -0.050000  0.050000
size  0.055000  0.055000
drill  0.032000
shape_offset  0.000000  0.000000
orientation  0.00
Shape  Circ
Layer  all
$EndPAD
$EndMODULE  Q

$MODULE "Q13"
reference "Q13"
value "MPSA92"
footprint "TO92"
attribut none
position  3.225000  4.025000
orientation  0.00
layer component
$SHAPE3D
Na "discret/to98.wrl"
Sc 1.000000 1.000000 1.000000
Of 0.000000 0.000000 0.000000
Ro 0.000000 0.000000 0.000000
$EndSHAPE3D
$PAD "1"
position  0.050000 -0.050000
size  0.055000  0.055000
drill  0.032000
shape_offset  0.000000  0.000000
orientation  0.00
Shape  Rect
Layer  all
$EndPAD
$PAD "2"
position -0.050000 -0.050000
size  0.055000  0.055000
drill  0.032000
shape_offset  0.000000  0.000000
orientation  0.00
Shape  Circ
Layer  all
$EndPAD
$PAD "3"
position -0.050000  0.050000
size  0.055000  0.055000
drill  0.032000
shape_offset  0.000000  0.000000
orientation  0.00
Shape  Circ
Layer  all
$EndPAD
$EndMODULE  Q

$MODULE "Q14"
reference "Q14"
value "MPSA92"
footprint "TO92"
attribut none
position  4.225000  4.025000
orientation  0.00
layer component
$SHAPE3D
Na "discret/to98.wrl"
Sc 1.000000 1.000000 1.000000
Of 0.000000 0.000000 0.000000
Ro 0.000000 0.000000 0.000000
$EndSHAPE3D
$PAD "1"
position  0.050000 -0.050000
size  0.055000  0.055000
drill  0.032000
shape_offset  0.000000  0.000000
orientation  0.00
Shape  Rect
Layer  all
$EndPAD
$PAD "2"
position -0.050000 -0.050000
size  0.055000  0.055000
drill  0.032000
shape_offset  0.000000  0.000000
orientation  0.00
Shape  Circ
Layer  all
$EndPAD
$PAD "3"
position -0.050000  0.050000
size  0.055000  0.055000
drill  0.032000
shape_offset  0.000000  0.000000
orientation  0.00
Shape  Circ
Layer  all
$EndPAD
$EndMODULE  Q

$MODULE "Q15"
reference "Q15"
value "MPSA92"
footprint "TO92"
attribut none
position  5.225000  4.025000
orientation  0.00
layer component
$SHAPE3D
Na "discret/to98.wrl"
Sc 1.000000 1.000000 1.000000
Of 0.000000 0.000000 0.000000
Ro 0.000000 0.000000 0.000000
$EndSHAPE3D
$PAD "1"
position  0.050000 -0.050000
size  0.055000  0.055000
drill  0.032000
shape_offset  0.000000  0.000000
orientation  0.00
Shape  Rect
Layer  all
$EndPAD
$PAD "2"
position -0.050000 -0.050000
size  0.055000  0.055000
drill  0.032000
shape_offset  0.000000  0.000000
orientation  0.00
Shape  Circ
Layer  all
$EndPAD
$PAD "3"
position -0.050000  0.050000
size  0.055000  0.055000
drill  0.032000
shape_offset  0.000000  0.000000
orientation  0.00
Shape  Circ
Layer  all
$EndPAD
$EndMODULE  Q

$MODULE "Q16"
reference "Q16"
value "MPSA92"
footprint "TO92"
attribut none
position  6.225000  4.025000
orientation  0.00
layer component
$SHAPE3D
Na "discret/to98.wrl"
Sc 1.000000 1.000000 1.000000
Of 0.000000 0.000000 0.000000
Ro 0.000000 0.000000 0.000000
$EndSHAPE3D
$PAD "1"
position  0.050000 -0.050000
size  0.055000  0.055000
drill  0.032000
shape_offset  0.000000  0.000000
orientation  0.00
Shape  Rect
Layer  all
$EndPAD
$PAD "2"
position -0.050000 -0.050000
size  0.055000  0.055000
drill  0.032000
shape_offset  0.000000  0.000000
orientation  0.00
Shape  Circ
Layer  all
$EndPAD
$PAD "3"
position -0.050000  0.050000
size  0.055000  0.055000
drill  0.032000
shape_offset  0.000000  0.000000
orientation  0.00
Shape  Circ
Layer  all
$EndPAD
$EndMODULE  Q

$MODULE "Q17"
reference "Q17"
value "MPSA92"
footprint "TO92"
attribut none
position  7.250000  4.025000
orientation  0.00
layer component
$SHAPE3D
Na "discret/to98.wrl"
Sc 1.000000 1.000000 1.000000
Of 0.000000 0.000000 0.000000
Ro 0.000000 0.000000 0.000000
$EndSHAPE3D
$PAD "1"
position  0.050000 -0.050000
size  0.055000  0.055000
drill  0.032000
shape_offset  0.000000  0.000000
orientation  0.00
Shape  Rect
Layer  all
$EndPAD
$PAD "2"
position -0.050000 -0.050000
size  0.055000  0.055000
drill  0.032000
shape_offset  0.000000  0.000000
orientation  0.00
Shape  Circ
Layer  all
$EndPAD
$PAD "3"
position -0.050000  0.050000
size  0.055000  0.055000
drill  0.032000
shape_offset  0.000000  0.000000
orientation  0.00
Shape  Circ
Layer  all
$EndPAD
$EndMODULE  Q

$MODULE "Q20"
reference "Q20"
value "MPSA42"
footprint "TO92"
attribut none
position  8.175000  3.925000
orientation  90.00
layer component
$SHAPE3D
Na "discret/to98.wrl"
Sc 1.000000 1.000000 1.000000
Of 0.000000 0.000000 0.000000
Ro 0.000000 0.000000 0.000000
$EndSHAPE3D
$PAD "1"
position  0.050000 -0.050000
size  0.055000  0.055000
drill  0.032000
shape_offset  0.000000  0.000000
orientation  0.00
Shape  Rect
Layer  all
$EndPAD
$PAD "2"
position -0.050000 -0.050000
size  0.055000  0.055000
drill  0.032000
shape_offset  0.000000  0.000000
orientation  0.00
Shape  Circ
Layer  all
$EndPAD
$PAD "3"
position -0.050000  0.050000
size  0.055000  0.055000
drill  0.032000
shape_offset  0.000000  0.000000
orientation  0.00
Shape  Circ
Layer  all
$EndPAD
$EndMODULE  Q

$MODULE "TR1"
reference "TR1"
value "EI30/12.5-2"
footprint "EI30-12-HAHN"
attribut none
position  9.099999  2.825000
orientation  0.00
layer component
$PAD "1"
position -0.400000 -0.400000
size  0.070000  0.070000
drill  0.045000
shape_offset  0.000000  0.000000
orientation  0.00
Shape  Circ
Layer  all
$EndPAD
$PAD "5"
position  0.400000 -0.400000
size  0.070000  0.070000
drill  0.045000
shape_offset  0.000000  0.000000
orientation  0.00
Shape  Circ
Layer  all
$EndPAD
$PAD "6"
position  0.400000  0.400000
size  0.070000  0.070000
drill  0.045000
shape_offset  0.000000  0.000000
orientation  0.00
Shape  Circ
Layer  all
$EndPAD
$PAD "7"
position  0.200000  0.400000
size  0.070000  0.070000
drill  0.045000
shape_offset  0.000000  0.000000
orientation  0.00
Shape  Circ
Layer  all
$EndPAD
$PAD "10"
position -0.400000  0.400000
size  0.070000  0.070000
drill  0.045000
shape_offset  0.000000  0.000000
orientation  0.00
Shape  Circ
Layer  all
$EndPAD
$PAD "9"
position -0.200000  0.400000
size  0.070000  0.070000
drill  0.045000
shape_offset  0.000000  0.000000
orientation  0.00
Shape  Circ
Layer  all
$EndPAD
$EndMODULE  T

$MODULE "P3"
reference "P3"
value "CONN_1"
footprint "1pin"
attribut none
position  9.349999  2.050000
orientation  0.00
layer component
$PAD "1"
position  0.000000  0.000000
size  0.160000  0.160000
drill  0.120000
shape_offset  0.000000  0.000000
orientation  0.00
Shape  Circ
Layer  all
$EndPAD
$EndMODULE  P

$MODULE "P2"
reference "P2"
value "CONN_1"
footprint "1pin"
attribut none
position  8.700000  2.050000
orientation  0.00
layer component
$PAD "1"
position  0.000000  0.000000
size  0.160000  0.160000
drill  0.120000
shape_offset  0.000000  0.000000
orientation  0.00
Shape  Circ
Layer  all
$EndPAD
$EndMODULE  P

$MODULE "JP1"
reference "JP1"
value "JUMPER"
footprint "C1"
attribut none
position  7.975000  2.775000
orientation  180.00
layer component
$SHAPE3D
Na "discret/capa_1_pas.wrl"
Sc 1.000000 1.000000 1.000000
Of 0.000000 0.000000 0.000000
Ro 0.000000 0.000000 0.000000
$EndSHAPE3D
$PAD "1"
position -0.050000  0.000000
size  0.055000  0.055000
drill  0.032000
shape_offset  0.000000  0.000000
orientation  0.00
Shape  Circ
Layer  all
$EndPAD
$PAD "2"
position  0.050000  0.000000
size  0.055000  0.055000
drill  0.032000
shape_offset  0.000000  0.000000
orientation  0.00
Shape  Circ
Layer  all
$EndPAD
$EndMODULE  J

$MODULE "C26"
reference "C26"
value "10M/250V"
footprint "C1.5V8V"
attribut none
position  8.099999  4.325000
orientation  0.00
layer component
$SHAPE3D
Na "discret/c_vert_c1v8.wrl"
Sc 1.500000 1.500000 1.000000
Of 0.000000 0.000000 0.000000
Ro 0.000000 0.000000 0.000000
$EndSHAPE3D
$PAD "1"
position -0.075000  0.000000
size  0.055000  0.055000
drill  0.032000
shape_offset  0.000000  0.000000
orientation  0.00
Shape  Rect
Layer  all
$EndPAD
$PAD "2"
position  0.075000  0.000000
size  0.055000  0.055000
drill  0.032000
shape_offset  0.000000  0.000000
orientation  0.00
Shape  Circ
Layer  all
$EndPAD
$EndMODULE  C

$MODULE "C7"
reference "C7"
value "100M/10V"
footprint "C1V5"
attribut none
position  1.675000  2.650000
orientation  90.00
layer component
$SHAPE3D
Na "discret/c_vert_c1v5.wrl"
Sc 1.000000 1.000000 1.000000
Of 0.000000 0.000000 0.000000
Ro 0.000000 0.000000 0.000000
$EndSHAPE3D
$PAD "1"
position -0.050000  0.000000
size  0.055000  0.055000
drill  0.032000
shape_offset  0.000000  0.000000
orientation  0.00
Shape  Rect
Layer  all
$EndPAD
$PAD "2"
position  0.050000  0.000000
size  0.055000  0.055000
drill  0.032000
shape_offset  0.000000  0.000000
orientation  0.00
Shape  Circ
Layer  all
$EndPAD
$EndMODULE  C

$MODULE "FB1"
reference "FB1"
value "Fastron-RAD"
footprint "C1V8"
attribut none
position  8.250000  3.575000
orientation  90.00
layer component
$SHAPE3D
Na "discret/c_vert_c1v8.wrl"
Sc 1.000000 1.000000 1.000000
Of 0.000000 0.000000 0.000000
Ro 0.000000 0.000000 0.000000
$EndSHAPE3D
$PAD "1"
position -0.050000  0.000000
size  0.065000  0.065000
drill  0.032000
shape_offset  0.000000  0.000000
orientation  0.00
Shape  Rect
Layer  all
$EndPAD
$PAD "2"
position  0.050000  0.000000
size  0.065000  0.065000
drill  0.032000
shape_offset  0.000000  0.000000
orientation  0.00
Shape  Circ
Layer  all
$EndPAD
$EndMODULE  F

$MODULE "C25"
reference "C25"
value "100M/160V"
footprint "C2V10"
attribut none
position  8.675000  4.750000
orientation  0.00
layer component
$SHAPE3D
Na "discret/c_vert_c2v10.wrl"
Sc 1.000000 1.000000 1.000000
Of 0.000000 0.000000 0.000000
Ro 0.000000 0.000000 0.000000
$EndSHAPE3D
$PAD "1"
position -0.100000  0.000000
size  0.070000  0.070000
drill  0.040000
shape_offset  0.000000  0.000000
orientation  0.00
Shape  Rect
Layer  all
$EndPAD
$PAD "2"
position  0.100000  0.000000
size  0.070000  0.070000
drill  0.040000
shape_offset  0.000000  0.000000
orientation  0.00
Shape  Circ
Layer  all
$EndPAD
$EndMODULE  C

$MODULE "C24"
reference "C24"
value "100M/160V"
footprint "C2V10"
attribut none
position  8.675000  4.275000
orientation  0.00
layer component
$SHAPE3D
Na "discret/c_vert_c2v10.wrl"
Sc 1.000000 1.000000 1.000000
Of 0.000000 0.000000 0.000000
Ro 0.000000 0.000000 0.000000
$EndSHAPE3D
$PAD "1"
position -0.100000  0.000000
size  0.070000  0.070000
drill  0.040000
shape_offset  0.000000  0.000000
orientation  0.00
Shape  Rect
Layer  all
$EndPAD
$PAD "2"
position  0.100000  0.000000
size  0.070000  0.070000
drill  0.040000
shape_offset  0.000000  0.000000
orientation  0.00
Shape  Circ
Layer  all
$EndPAD
$EndMODULE  C

$MODULE "C23"
reference "C23"
value "100M/160V"
footprint "C2V10"
attribut none
position  8.675000  3.775000
orientation  0.00
layer component
$SHAPE3D
Na "discret/c_vert_c2v10.wrl"
Sc 1.000000 1.000000 1.000000
Of 0.000000 0.000000 0.000000
Ro 0.000000 0.000000 0.000000
$EndSHAPE3D
$PAD "1"
position -0.100000  0.000000
size  0.070000  0.070000
drill  0.040000
shape_offset  0.000000  0.000000
orientation  0.00
Shape  Rect
Layer  all
$EndPAD
$PAD "2"
position  0.100000  0.000000
size  0.070000  0.070000
drill  0.040000
shape_offset  0.000000  0.000000
orientation  0.00
Shape  Circ
Layer  all
$EndPAD
$EndMODULE  C

$MODULE "C22"
reference "C22"
value "100M/160V"
footprint "C2V10"
attribut none
position  9.575000  4.775000
orientation  0.00
layer component
$SHAPE3D
Na "discret/c_vert_c2v10.wrl"
Sc 1.000000 1.000000 1.000000
Of 0.000000 0.000000 0.000000
Ro 0.000000 0.000000 0.000000
$EndSHAPE3D
$PAD "1"
position -0.100000  0.000000
size  0.070000  0.070000
drill  0.040000
shape_offset  0.000000  0.000000
orientation  0.00
Shape  Rect
Layer  all
$EndPAD
$PAD "2"
position  0.100000  0.000000
size  0.070000  0.070000
drill  0.040000
shape_offset  0.000000  0.000000
orientation  0.00
Shape  Circ
Layer  all
$EndPAD
$EndMODULE  C

$MODULE "C21"
reference "C21"
value "100M/160V"
footprint "C2V10"
attribut none
position  9.575000  4.275000
orientation  0.00
layer component
$SHAPE3D
Na "discret/c_vert_c2v10.wrl"
Sc 1.000000 1.000000 1.000000
Of 0.000000 0.000000 0.000000
Ro 0.000000 0.000000 0.000000
$EndSHAPE3D
$PAD "1"
position -0.100000  0.000000
size  0.070000  0.070000
drill  0.040000
shape_offset  0.000000  0.000000
orientation  0.00
Shape  Rect
Layer  all
$EndPAD
$PAD "2"
position  0.100000  0.000000
size  0.070000  0.070000
drill  0.040000
shape_offset  0.000000  0.000000
orientation  0.00
Shape  Circ
Layer  all
$EndPAD
$EndMODULE  C

$MODULE "C20"
reference "C20"
value "100M/160V"
footprint "C2V10"
attribut none
position  9.575000  3.775000
orientation  0.00
layer component
$SHAPE3D
Na "discret/c_vert_c2v10.wrl"
Sc 1.000000 1.000000 1.000000
Of 0.000000 0.000000 0.000000
Ro 0.000000 0.000000 0.000000
$EndSHAPE3D
$PAD "1"
position -0.100000  0.000000
size  0.070000  0.070000
drill  0.040000
shape_offset  0.000000  0.000000
orientation  0.00
Shape  Rect
Layer  all
$EndPAD
$PAD "2"
position  0.100000  0.000000
size  0.070000  0.070000
drill  0.040000
shape_offset  0.000000  0.000000
orientation  0.00
Shape  Circ
Layer  all
$EndPAD
$EndMODULE  C

$MODULE "P6"
reference "P6"
value "CONN_2"
footprint "SIL-2"
attribut none
position  8.500000  5.100000
orientation  0.00
layer component
$PAD "1"
position -0.050000  0.000000
size  0.055000  0.055000
drill  0.032000
shape_offset  0.000000  0.000000
orientation  0.00
Shape  Rect
Layer  all
$EndPAD
$PAD "2"
position  0.050000  0.000000
size  0.055000  0.055000
drill  0.032000
shape_offset  0.000000  0.000000
orientation  0.00
Shape  Circ
Layer  all
$EndPAD
$EndMODULE  P

$MODULE "P4"
reference "P4"
value "CONN_3"
footprint "SIL-3"
attribut none
position  8.025000  2.450000
orientation  180.00
layer component
$SHAPE3D
Na "pins_array_3x1.wrl"
Sc 1.000000 1.000000 1.000000
Of 0.000000 0.000000 0.000000
Ro 0.000000 0.000000 0.000000
$EndSHAPE3D
$PAD "1"
position -0.100000  0.000000
size  0.055000  0.055000
drill  0.032000
shape_offset  0.000000  0.000000
orientation  0.00
Shape  Rect
Layer  all
$EndPAD
$PAD "2"
position  0.000000  0.000000
size  0.055000  0.055000
drill  0.032000
shape_offset  0.000000  0.000000
orientation  0.00
Shape  Circ
Layer  all
$EndPAD
$PAD "3"
position  0.100000  0.000000
size  0.055000  0.055000
drill  0.032000
shape_offset  0.000000  0.000000
orientation  0.00
Shape  Circ
Layer  all
$EndPAD
$EndMODULE  P

$MODULE "P5"
reference "P5"
value "CONN_4"
footprint "SIL-4"
attribut none
position  8.050000  5.100000
orientation  0.00
layer component
$PAD "1"
position -0.150000  0.000000
size  0.055000  0.055000
drill  0.032000
shape_offset  0.000000  0.000000
orientation  0.00
Shape  Rect
Layer  all
$EndPAD
$PAD "2"
position -0.050000  0.000000
size  0.055000  0.055000
drill  0.032000
shape_offset  0.000000  0.000000
orientation  0.00
Shape  Circ
Layer  all
$EndPAD
$PAD "3"
position  0.050000  0.000000
size  0.055000  0.055000
drill  0.032000
shape_offset  0.000000  0.000000
orientation  0.00
Shape  Circ
Layer  all
$EndPAD
$PAD "4"
position  0.150000  0.000000
size  0.055000  0.055000
drill  0.032000
shape_offset  0.000000  0.000000
orientation  0.00
Shape  Circ
Layer  all
$EndPAD
$EndMODULE  P

$MODULE "D9"
reference "D9"
value "HD_RGB_LED"
footprint "SIL-4"
attribut none
position  8.050000  5.425000
orientation  0.00
layer component
$PAD "1"
position -0.150000  0.000000
size  0.055000  0.055000
drill  0.032000
shape_offset  0.000000  0.000000
orientation  0.00
Shape  Rect
Layer  all
$EndPAD
$PAD "2"
position -0.050000  0.000000
size  0.055000  0.055000
drill  0.032000
shape_offset  0.000000  0.000000
orientation  0.00
Shape  Circ
Layer  all
$EndPAD
$PAD "3"
position  0.050000  0.000000
size  0.055000  0.055000
drill  0.032000
shape_offset  0.000000  0.000000
orientation  0.00
Shape  Circ
Layer  all
$EndPAD
$PAD "4"
position  0.150000  0.000000
size  0.055000  0.055000
drill  0.032000
shape_offset  0.000000  0.000000
orientation  0.00
Shape  Circ
Layer  all
$EndPAD
$EndMODULE  D

$MODULE "RV1"
reference "RV1"
value "100k"
footprint "RV2X4"
attribut none
position  7.800000  3.775000
orientation  270.00
layer component
$SHAPE3D
Na "discret/adjustable_rx2v4.wrl"
Sc 1.000000 1.000000 1.000000
Of 0.000000 0.000000 0.000000
Ro 0.000000 0.000000 0.000000
$EndSHAPE3D
$PAD "1"
position -0.200000 -0.100000
size  0.080000  0.080000
drill  0.050000
shape_offset  0.000000  0.000000
orientation  0.00
Shape  Circ
Layer  all
$EndPAD
$PAD "2"
position  0.200000  0.000000
size  0.080000  0.080000
drill  0.050000
shape_offset  0.000000  0.000000
orientation  0.00
Shape  Circ
Layer  all
$EndPAD
$PAD "3"
position -0.200000  0.100000
size  0.080000  0.080000
drill  0.050000
shape_offset  0.000000  0.000000
orientation  0.00
Shape  Circ
Layer  all
$EndPAD
$EndMODULE  R

$MODULE "P1"
reference "P1"
value "CONN_3X2"
footprint "6DIP-CONN"
attribut none
position  2.175000  2.700000
orientation  0.00
layer component
$SHAPE3D
Na "dil/dil_6.wrl"
Sc 1.000000 1.000000 1.000000
Of 0.000000 0.000000 0.000000
Ro 0.000000 0.000000 0.000000
$EndSHAPE3D
$PAD "1"
position -0.100000  0.150000
size  0.062000  0.090000
drill  0.032000
shape_offset  0.000000  0.000000
orientation  0.00
Shape  Rect
Layer  all
$EndPAD
$PAD "2"
position -0.100000 -0.150000
size  0.062000  0.090000
drill  0.032000
shape_offset  0.000000  0.000000
orientation  0.00
Shape  Oval
Layer  all
$EndPAD
$PAD "3"
position  0.000000  0.150000
size  0.062000  0.090000
drill  0.032000
shape_offset  0.000000  0.000000
orientation  0.00
Shape  Oval
Layer  all
$EndPAD
$PAD "4"
position  0.000000 -0.150000
size  0.062000  0.090000
drill  0.032000
shape_offset  0.000000  0.000000
orientation  0.00
Shape  Oval
Layer  all
$EndPAD
$PAD "5"
position  0.100000  0.150000
size  0.062000  0.090000
drill  0.032000
shape_offset  0.000000  0.000000
orientation  0.00
Shape  Oval
Layer  all
$EndPAD
$PAD "6"
position  0.100000 -0.150000
size  0.062000  0.090000
drill  0.032000
shape_offset  0.000000  0.000000
orientation  0.00
Shape  Oval
Layer  all
$EndPAD
$EndMODULE  P

$LINE 
$EndLINE 
$LINE 
$EndLINE 
$LINE 
$EndLINE 
$LINE 
$EndLINE 
$LINE 
$EndLINE 
$LINE 
$EndLINE 
$LINE 
$EndLINE 
$LINE 
$EndLINE 
$LINE 
$EndLINE 
$LINE 
$EndLINE 
$LINE 
$EndLINE 
$EndDESCRIPTION
